<?xml version="1.0" encoding="UTF-8"?>
<!-- Generated by org.testng.reporters.JUnitReportReporter -->
<testsuite hostname="Qcentris172" failures="0" tests="1" name="tests.PlaygroundTest5" time="15.166" errors="0" timestamp="2023-06-13T10:23:29 EET" skipped="0">
  <testcase classname="tests.PlaygroundTest5" name="test" time="15.166"/>
</testsuite> <!-- tests.PlaygroundTest5 -->
