<?xml version="1.0" encoding="UTF-8"?>
<!-- Generated by org.testng.reporters.JUnitReportReporter -->
<testsuite hostname="Qcentris172" failures="0" tests="1" name="tests.Playground02Test" time="59.179" errors="0" timestamp="2023-08-07T11:38:27 EET" skipped="0">
  <testcase classname="tests.Playground02Test" name="test" time="59.179"/>
</testsuite> <!-- tests.Playground02Test -->
