<?xml version="1.0" encoding="UTF-8"?>
<!-- Generated by org.testng.reporters.JUnitReportReporter -->
<testsuite hostname="Qcentris172" failures="0" tests="1" name="tests.Playground05Test" time="62.954" errors="0" timestamp="2023-08-07T11:38:27 EET" skipped="0">
  <testcase classname="tests.Playground05Test" name="test" time="62.954"/>
</testsuite> <!-- tests.Playground05Test -->
