<?xml version="1.0" encoding="UTF-8"?>
<!-- Generated by org.testng.reporters.JUnitReportReporter -->
<testsuite hostname="Qcentris172" failures="0" tests="1" name="tests.Playground03Test" time="81.687" errors="0" timestamp="2023-08-07T11:38:27 EET" skipped="0">
  <testcase classname="tests.Playground03Test" name="test" time="81.687"/>
</testsuite> <!-- tests.Playground03Test -->
