<?xml version="1.0" encoding="UTF-8"?>
<!-- Generated by org.testng.reporters.JUnitReportReporter -->
<testsuite hostname="Qcentris172" failures="0" tests="1" name="tests.Playground04Test" time="59.474" errors="0" timestamp="2023-08-07T11:38:27 EET" skipped="0">
  <testcase classname="tests.Playground04Test" name="test" time="59.474"/>
</testsuite> <!-- tests.Playground04Test -->
