<?xml version="1.0" encoding="UTF-8"?>
<!-- Generated by org.testng.reporters.JUnitReportReporter -->
<testsuite hostname="Qcentris172" failures="0" tests="1" name="tests.PlaygroundTest2" time="11.907" errors="0" timestamp="2023-06-13T10:23:29 EET" skipped="0">
  <testcase classname="tests.PlaygroundTest2" name="test" time="11.907"/>
</testsuite> <!-- tests.PlaygroundTest2 -->
