<?xml version="1.0" encoding="UTF-8"?>
<!-- Generated by org.testng.reporters.JUnitReportReporter -->
<testsuite hostname="F1Team04" failures="0" tests="1" name="tests.ABE_OpenIslamicSavingsAccount_MudarabahSBA" time="25.076" errors="0" timestamp="2023-09-17T11:58:21 EEST" skipped="0">
  <testcase classname="tests.ABE_OpenIslamicSavingsAccount_MudarabahSBA" name="test" time="25.076"/>
</testsuite> <!-- tests.ABE_OpenIslamicSavingsAccount_MudarabahSBA -->
