<?xml version="1.0" encoding="UTF-8"?>
<!-- Generated by org.testng.reporters.JUnitReportReporter -->
<testsuite hostname="F1TestCore2" failures="0" tests="2" name="tests.ABE_OpenIslamicSavingsAccount_MudarabahSBA" time="73.186" errors="0" timestamp="2023-09-21T12:56:25 EEST" skipped="0">
  <testcase classname="tests.ABE_OpenIslamicSavingsAccount_MudarabahSBA" name="openIslamicSavingsAccount" time="36.371"/>
  <testcase classname="tests.ABE_OpenIslamicSavingsAccount_MudarabahSBA" name="openIslamicSavingsAccount" time="36.815"/>
</testsuite> <!-- tests.ABE_OpenIslamicSavingsAccount_MudarabahSBA -->
