<?xml version="1.0" encoding="UTF-8"?>
<!-- Generated by org.testng.reporters.JUnitReportReporter -->
<testsuite hostname="F1TestCore2" failures="0" tests="3" name="tests.ABE_OpenIslamicSavingsAccount_MudarabahSBA" time="78.504" errors="0" timestamp="2023-09-17T14:37:31 EEST" skipped="0">
  <testcase classname="tests.ABE_OpenIslamicSavingsAccount_MudarabahSBA" name="openIslamicSavingsAccount" time="25.284"/>
  <testcase classname="tests.ABE_OpenIslamicSavingsAccount_MudarabahSBA" name="openIslamicSavingsAccount" time="25.963"/>
  <testcase classname="tests.ABE_OpenIslamicSavingsAccount_MudarabahSBA" name="openIslamicSavingsAccount" time="27.257"/>
</testsuite> <!-- tests.ABE_OpenIslamicSavingsAccount_MudarabahSBA -->
