<?xml version="1.0" encoding="UTF-8"?>
<!-- Generated by org.testng.reporters.JUnitReportReporter -->
<testsuite hostname="F1TestCore2" failures="0" tests="2" name="tests.ABE_OpenIslamicSavingsAccount_MudarabahSBA" time="67.978" errors="0" timestamp="2023-09-18T13:57:11 EEST" skipped="0">
  <testcase classname="tests.ABE_OpenIslamicSavingsAccount_MudarabahSBA" name="openIslamicSavingsAccount" time="37.673"/>
  <testcase classname="tests.ABE_OpenIslamicSavingsAccount_MudarabahSBA" name="openIslamicSavingsAccount" time="30.305"/>
</testsuite> <!-- tests.ABE_OpenIslamicSavingsAccount_MudarabahSBA -->
