<?xml version="1.0" encoding="UTF-8"?>
<!-- Generated by org.testng.reporters.JUnitReportReporter -->
<<<<<<< HEAD
<testsuite hostname="F1TestCore13" failures="0" tests="1" name="tests.ABE_VerifyIslamicSavingsAccount_MudarabahSBA" time="0.000" errors="0" timestamp="2023-09-25T13:13:13 EEST" skipped="1">
  <testcase classname="tests.ABE_VerifyIslamicSavingsAccount_MudarabahSBA" name="verifyIslamicSavingsAccountTest" time="0.000">
    <skipped/>
  </testcase> <!-- verifyIslamicSavingsAccountTest -->
=======
<testsuite hostname="F1TestCore2" failures="0" tests="2" name="tests.ABE_VerifyIslamicSavingsAccount_MudarabahSBA" time="83.456" errors="0" timestamp="2023-09-21T09:58:18 EEST" skipped="0">
  <testcase classname="tests.ABE_VerifyIslamicSavingsAccount_MudarabahSBA" name="verifyIslamicSavingsAccountTest" time="36.761"/>
  <testcase classname="tests.ABE_VerifyIslamicSavingsAccount_MudarabahSBA" name="verifyIslamicSavingsAccountTest" time="46.695"/>
>>>>>>> f326dc4bab08ab0450dc67107b6d076bdf5d2e19
</testsuite> <!-- tests.ABE_VerifyIslamicSavingsAccount_MudarabahSBA -->
