<?xml version="1.0" encoding="UTF-8"?>
<!-- Generated by org.testng.reporters.JUnitReportReporter -->
<testsuite hostname="F1TestCore2" failures="0" tests="3" name="tests.ABE_VerifyIslamicSavingsAccount_MudarabahSBA" time="108.431" errors="0" timestamp="2023-09-14T15:09:20 EEST" skipped="0">
  <testcase classname="tests.ABE_VerifyIslamicSavingsAccount_MudarabahSBA" name="test" time="36.325"/>
  <testcase classname="tests.ABE_VerifyIslamicSavingsAccount_MudarabahSBA" name="test" time="35.930"/>
  <testcase classname="tests.ABE_VerifyIslamicSavingsAccount_MudarabahSBA" name="test" time="36.176"/>
</testsuite> <!-- tests.ABE_VerifyIslamicSavingsAccount_MudarabahSBA -->
