<?xml version="1.0" encoding="UTF-8"?>
<!-- Generated by org.testng.reporters.JUnitReportReporter -->
<testsuite hostname="F1TestCore2" failures="0" tests="1" name="tests.ABE_OpenSavingsAccount_MudarabahSBA" time="36.154" errors="0" timestamp="2023-09-04T12:07:38 EEST" skipped="0">
  <testcase classname="tests.ABE_OpenSavingsAccount_MudarabahSBA" name="test" time="36.154"/>
</testsuite> <!-- tests.ABE_OpenSavingsAccount_MudarabahSBA -->
