<?xml version="1.0" encoding="UTF-8"?>
<!-- Generated by org.testng.reporters.JUnitReportReporter -->
<testsuite hostname="F1TestCore2" failures="0" tests="2" name="tests.ABE_VerifyIslamicSavingsAccount_MudarabahSBA" time="60.767" errors="0" timestamp="2023-09-18T13:57:11 EEST" skipped="0">
  <testcase classname="tests.ABE_VerifyIslamicSavingsAccount_MudarabahSBA" name="verifyIslamicSavingsAccountTest" time="31.206"/>
  <testcase classname="tests.ABE_VerifyIslamicSavingsAccount_MudarabahSBA" name="verifyIslamicSavingsAccountTest" time="29.561"/>
</testsuite> <!-- tests.ABE_VerifyIslamicSavingsAccount_MudarabahSBA -->
