<?xml version="1.0" encoding="UTF-8"?>
<!-- Generated by org.testng.reporters.JUnitReportReporter -->
<<<<<<< HEAD
<<<<<<< HEAD
<testsuite hostname="F1Team04" failures="0" tests="3" name="tests.ABE_OpenIslamicSavingsAccount_MudarabahSBA" time="73.749" errors="1" timestamp="2023-09-17T14:40:30 EEST" skipped="0">
  <testcase classname="tests.ABE_OpenIslamicSavingsAccount_MudarabahSBA" name="openIslamicSavingsAccount" time="25.629"/>
  <testcase classname="tests.ABE_OpenIslamicSavingsAccount_MudarabahSBA" name="openIslamicSavingsAccount" time="23.669"/>
  <testcase classname="tests.ABE_OpenIslamicSavingsAccount_MudarabahSBA" name="openIslamicSavingsAccount" time="24.451">
    <error message="No frame element found by name or id Core_ABE
Build info: version: &#039;3.141.59&#039;, revision: &#039;e82be7d358&#039;, time: &#039;2018-11-14T08:17:03&#039;
System info: host: &#039;F1TEAM04&#039;, ip: &#039;10.10.23.215&#039;, os.name: &#039;Windows 10&#039;, os.arch: &#039;amd64&#039;, os.version: &#039;10.0&#039;, java.version: &#039;17.0.8&#039;
Driver info: driver.version: unknown" type="org.openqa.selenium.NoSuchFrameException">
      <![CDATA[org.openqa.selenium.NoSuchFrameException: No frame element found by name or id Core_ABE
Build info: version: '3.141.59', revision: 'e82be7d358', time: '2018-11-14T08:17:03'
System info: host: 'F1TEAM04', ip: '10.10.23.215', os.name: 'Windows 10', os.arch: 'amd64', os.version: '10.0', java.version: '17.0.8'
Driver info: driver.version: unknown
at org.openqa.selenium.remote.RemoteWebDriver$RemoteTargetLocator.frame(RemoteWebDriver.java:885)
at pageobjects.OpenIslamicSavingsAccountPage.switchFormAreaFrame(OpenIslamicSavingsAccountPage.java:60)
at procedures.OpenIslamicSavingsAccountProcedures.islamicSavingsAccountByMaker(OpenIslamicSavingsAccountProcedures.java:11)
at tests.ABE_OpenIslamicSavingsAccount_MudarabahSBA.openIslamicSavingsAccount(ABE_OpenIslamicSavingsAccount_MudarabahSBA.java:79)
at java.base/jdk.internal.reflect.NativeMethodAccessorImpl.invoke0(Native Method)
at java.base/jdk.internal.reflect.NativeMethodAccessorImpl.invoke(NativeMethodAccessorImpl.java:77)
at java.base/jdk.internal.reflect.DelegatingMethodAccessorImpl.invoke(DelegatingMethodAccessorImpl.java:43)
at java.base/java.lang.reflect.Method.invoke(Method.java:568)
at org.testng.internal.invokers.MethodInvocationHelper.invokeMethod(MethodInvocationHelper.java:139)
at org.testng.internal.invokers.TestInvoker.invokeMethod(TestInvoker.java:664)
at org.testng.internal.invokers.TestInvoker.invokeTestMethod(TestInvoker.java:227)
at org.testng.internal.invokers.MethodRunner.runInSequence(MethodRunner.java:50)
at org.testng.internal.invokers.TestInvoker$MethodInvocationAgent.invoke(TestInvoker.java:957)
at org.testng.internal.invokers.TestInvoker.invokeTestMethods(TestInvoker.java:200)
at org.testng.internal.invokers.TestMethodWorker.invokeTestMethods(TestMethodWorker.java:148)
at org.testng.internal.invokers.TestMethodWorker.run(TestMethodWorker.java:128)
at java.base/java.util.concurrent.ThreadPoolExecutor.runWorker(ThreadPoolExecutor.java:1136)
at java.base/java.util.concurrent.ThreadPoolExecutor$Worker.run(ThreadPoolExecutor.java:635)
at java.base/java.lang.Thread.run(Thread.java:833)
]]>
    </error>
  </testcase> <!-- openIslamicSavingsAccount -->
=======
=======
>>>>>>> 4e0876acef9350bd1b0fd245fb969fa33aaede16
<testsuite hostname="F1TestCore2" failures="0" tests="3" name="tests.ABE_OpenIslamicSavingsAccount_MudarabahSBA" time="78.504" errors="0" timestamp="2023-09-17T14:37:31 EEST" skipped="0">
  <testcase classname="tests.ABE_OpenIslamicSavingsAccount_MudarabahSBA" name="openIslamicSavingsAccount" time="25.284"/>
  <testcase classname="tests.ABE_OpenIslamicSavingsAccount_MudarabahSBA" name="openIslamicSavingsAccount" time="25.963"/>
  <testcase classname="tests.ABE_OpenIslamicSavingsAccount_MudarabahSBA" name="openIslamicSavingsAccount" time="27.257"/>
<<<<<<< HEAD
>>>>>>> 4e0876acef9350bd1b0fd245fb969fa33aaede16
=======
>>>>>>> 4e0876acef9350bd1b0fd245fb969fa33aaede16
</testsuite> <!-- tests.ABE_OpenIslamicSavingsAccount_MudarabahSBA -->
