<?xml version="1.0" encoding="UTF-8"?>
<!-- Generated by org.testng.reporters.JUnitReportReporter -->
<testsuite hostname="F1Team04" failures="0" tests="2" name="tests.ABE_OpenIslamicSavingsAccount_MudarabahSBA" time="49.069" errors="0" timestamp="2023-09-17T16:11:54 EEST" skipped="0">
  <testcase classname="tests.ABE_OpenIslamicSavingsAccount_MudarabahSBA" name="openIslamicSavingsAccount" time="24.137"/>
  <testcase classname="tests.ABE_OpenIslamicSavingsAccount_MudarabahSBA" name="openIslamicSavingsAccount" time="24.932"/>
</testsuite> <!-- tests.ABE_OpenIslamicSavingsAccount_MudarabahSBA -->
