<?xml version="1.0" encoding="UTF-8"?>
<!-- Generated by org.testng.reporters.JUnitReportReporter -->
<testsuite hostname="F1Team04" failures="0" tests="1" name="tests.ABE_VerifyIslamicsavingsAccount_test" time="28.050" errors="0" timestamp="2023-08-24T12:16:16 EEST" skipped="0">
  <testcase classname="tests.ABE_VerifyIslamicsavingsAccount_test" name="test" time="28.050"/>
</testsuite> <!-- tests.ABE_VerifyIslamicsavingsAccount_test -->
