<?xml version="1.0" encoding="UTF-8"?>
<!-- Generated by org.testng.reporters.JUnitReportReporter -->
<<<<<<< HEAD
<testsuite hostname="F1TestCore2" failures="0" tests="1" name="tests.ABE_VerifyIslamicSavingsAccount_MudarabahSBA" time="27.739" errors="1" timestamp="2023-09-17T12:05:08 EEST" skipped="0">
  <testcase classname="tests.ABE_VerifyIslamicSavingsAccount_MudarabahSBA" name="test" time="27.739">
    <error message="Cannot invoke &quot;String.substring(int, int)&quot; because &quot;ACID&quot; is null" type="java.lang.NullPointerException">
      <![CDATA[java.lang.NullPointerException: Cannot invoke "String.substring(int, int)" because "ACID" is null
at pageobjects.VerifyIslamicSavingsAccountPage.sendKeysAcidTextField(VerifyIslamicSavingsAccountPage.java:69)
at procedures.VerifyIslamicSavingsAccountProcedures.islamicSavingsAccountByChecker(VerifyIslamicSavingsAccountProcedures.java:14)
at tests.ABE_VerifyIslamicSavingsAccount_MudarabahSBA.test(ABE_VerifyIslamicSavingsAccount_MudarabahSBA.java:67)
at java.base/jdk.internal.reflect.NativeMethodAccessorImpl.invoke0(Native Method)
at java.base/jdk.internal.reflect.NativeMethodAccessorImpl.invoke(NativeMethodAccessorImpl.java:77)
at java.base/jdk.internal.reflect.DelegatingMethodAccessorImpl.invoke(DelegatingMethodAccessorImpl.java:43)
at java.base/java.lang.reflect.Method.invoke(Method.java:568)
at org.testng.internal.invokers.MethodInvocationHelper.invokeMethod(MethodInvocationHelper.java:139)
at org.testng.internal.invokers.TestInvoker.invokeMethod(TestInvoker.java:664)
at org.testng.internal.invokers.TestInvoker.invokeTestMethod(TestInvoker.java:227)
at org.testng.internal.invokers.MethodRunner.runInSequence(MethodRunner.java:50)
at org.testng.internal.invokers.TestInvoker$MethodInvocationAgent.invoke(TestInvoker.java:957)
at org.testng.internal.invokers.TestInvoker.invokeTestMethods(TestInvoker.java:200)
at org.testng.internal.invokers.TestMethodWorker.invokeTestMethods(TestMethodWorker.java:148)
at org.testng.internal.invokers.TestMethodWorker.run(TestMethodWorker.java:128)
at java.base/java.util.concurrent.ThreadPoolExecutor.runWorker(ThreadPoolExecutor.java:1136)
at java.base/java.util.concurrent.ThreadPoolExecutor$Worker.run(ThreadPoolExecutor.java:635)
at java.base/java.lang.Thread.run(Thread.java:833)
]]>
    </error>
  </testcase> <!-- test -->
=======
<testsuite hostname="F1Team04" failures="0" tests="1" name="tests.ABE_VerifyIslamicSavingsAccount_MudarabahSBA" time="35.569" errors="0" timestamp="2023-09-17T11:58:21 EEST" skipped="0">
  <testcase classname="tests.ABE_VerifyIslamicSavingsAccount_MudarabahSBA" name="test" time="35.569"/>
>>>>>>> 14e52afa61a4905f2b94932e32f35455606af542
</testsuite> <!-- tests.ABE_VerifyIslamicSavingsAccount_MudarabahSBA -->
