<?xml version="1.0" encoding="UTF-8"?>
<!-- Generated by org.testng.reporters.JUnitReportReporter -->
<testsuite hostname="F1TestCore2" failures="0" tests="1" name="tests.ABE_OpenIslamicSavingsAccount_MudarabahSBA" time="44.091" errors="0" timestamp="2023-09-07T11:26:36 EEST" skipped="0">
  <testcase classname="tests.ABE_OpenIslamicSavingsAccount_MudarabahSBA" name="test" time="44.091"/>
</testsuite> <!-- tests.ABE_OpenIslamicSavingsAccount_MudarabahSBA -->
