<?xml version="1.0" encoding="UTF-8"?>
<!-- Generated by org.testng.reporters.JUnitReportReporter -->
<testsuite hostname="F1TestCore2" failures="0" tests="3" name="tests.ABE_VerifyIslamicSavingsAccount_MudarabahSBA" time="116.472" errors="0" timestamp="2023-09-07T10:51:49 EEST" skipped="0">
  <testcase classname="tests.ABE_VerifyIslamicSavingsAccount_MudarabahSBA" name="test" time="39.313"/>
  <testcase classname="tests.ABE_VerifyIslamicSavingsAccount_MudarabahSBA" name="test" time="38.613"/>
  <testcase classname="tests.ABE_VerifyIslamicSavingsAccount_MudarabahSBA" name="test" time="38.546"/>
</testsuite> <!-- tests.ABE_VerifyIslamicSavingsAccount_MudarabahSBA -->
