<?xml version="1.0" encoding="UTF-8"?>
<!-- Generated by org.testng.reporters.JUnitReportReporter -->
<testsuite hostname="F1TestCore13" failures="0" tests="1" name="tests.ABE_VerifyIslamicSavingsAccount_MudarabahSBA" time="0.000" errors="0" timestamp="2023-09-25T13:13:13 EEST" skipped="1">
  <testcase classname="tests.ABE_VerifyIslamicSavingsAccount_MudarabahSBA" name="verifyIslamicSavingsAccountTest" time="0.000">
    <skipped/>
  </testcase> <!-- verifyIslamicSavingsAccountTest -->
</testsuite> <!-- tests.ABE_VerifyIslamicSavingsAccount_MudarabahSBA -->
