<?xml version="1.0" encoding="UTF-8"?>
<!-- Generated by org.testng.reporters.JUnitReportReporter -->
<testsuite hostname="F1TestCore2" failures="0" tests="2" name="tests.ABE_VerifyIslamicSavingsAccount_MudarabahSBA" time="66.901" errors="0" timestamp="2023-09-18T15:49:15 EEST" skipped="0">
  <testcase classname="tests.ABE_VerifyIslamicSavingsAccount_MudarabahSBA" name="verifyIslamicSavingsAccountTest" time="36.947"/>
  <testcase classname="tests.ABE_VerifyIslamicSavingsAccount_MudarabahSBA" name="verifyIslamicSavingsAccountTest" time="29.954"/>
</testsuite> <!-- tests.ABE_VerifyIslamicSavingsAccount_MudarabahSBA -->
