<?xml version="1.0" encoding="UTF-8"?>
<!-- Generated by org.testng.reporters.JUnitReportReporter -->
<testsuite hostname="F1TestCore2" failures="0" tests="2" name="tests.ABE_VerifyIslamicSavingsAccount_MudarabahSBA" time="83.456" errors="0" timestamp="2023-09-21T09:58:18 EEST" skipped="0">
  <testcase classname="tests.ABE_VerifyIslamicSavingsAccount_MudarabahSBA" name="verifyIslamicSavingsAccountTest" time="36.761"/>
  <testcase classname="tests.ABE_VerifyIslamicSavingsAccount_MudarabahSBA" name="verifyIslamicSavingsAccountTest" time="46.695"/>
</testsuite> <!-- tests.ABE_VerifyIslamicSavingsAccount_MudarabahSBA -->
