<?xml version="1.0" encoding="UTF-8"?>
<!-- Generated by org.testng.reporters.JUnitReportReporter -->
<testsuite hostname="F1TestCore2" failures="0" tests="1" name="tests.ABE_VerifyIslamicSavingsAccount_MudarabahSBA" time="36.658" errors="0" timestamp="2023-09-13T14:37:22 EEST" skipped="0">
  <testcase classname="tests.ABE_VerifyIslamicSavingsAccount_MudarabahSBA" name="test" time="36.658"/>
</testsuite> <!-- tests.ABE_VerifyIslamicSavingsAccount_MudarabahSBA -->
