<?xml version="1.0" encoding="UTF-8"?>
<!-- Generated by org.testng.reporters.JUnitReportReporter -->
<<<<<<< HEAD
<testsuite hostname="F1TestCore2" failures="0" tests="3" name="tests.ABE_OpenIslamicSavingsAccount_MudarabahSBA" time="94.487" errors="0" timestamp="2023-09-17T14:10:17 EEST" skipped="0">
  <testcase classname="tests.ABE_OpenIslamicSavingsAccount_MudarabahSBA" name="test" time="27.951"/>
  <testcase classname="tests.ABE_OpenIslamicSavingsAccount_MudarabahSBA" name="test" time="29.574"/>
  <testcase classname="tests.ABE_OpenIslamicSavingsAccount_MudarabahSBA" name="test" time="36.962"/>
=======
<testsuite hostname="F1Team04" failures="0" tests="1" name="tests.ABE_OpenIslamicSavingsAccount_MudarabahSBA" time="25.076" errors="0" timestamp="2023-09-17T11:58:21 EEST" skipped="0">
  <testcase classname="tests.ABE_OpenIslamicSavingsAccount_MudarabahSBA" name="test" time="25.076"/>
>>>>>>> 14e52afa61a4905f2b94932e32f35455606af542
</testsuite> <!-- tests.ABE_OpenIslamicSavingsAccount_MudarabahSBA -->
