<?xml version="1.0" encoding="UTF-8"?>
<!-- Generated by org.testng.reporters.JUnitReportReporter -->
<testsuite hostname="F1Team04" failures="0" tests="1" name="tests.ABE_VerifyIslamicSavingsAccount_MudarabahSBA" time="35.569" errors="0" timestamp="2023-09-17T11:58:21 EEST" skipped="0">
  <testcase classname="tests.ABE_VerifyIslamicSavingsAccount_MudarabahSBA" name="test" time="35.569"/>
</testsuite> <!-- tests.ABE_VerifyIslamicSavingsAccount_MudarabahSBA -->
