<?xml version="1.0" encoding="UTF-8"?>
<!-- Generated by org.testng.reporters.JUnitReportReporter -->
<testsuite hostname="F1TestCore2" failures="0" tests="1" name="tests.FinacleLogin" time="7.127" errors="0" timestamp="2023-08-17T11:16:14 EEST" skipped="0">
  <testcase classname="tests.FinacleLogin" name="test" time="7.127"/>
</testsuite> <!-- tests.FinacleLogin -->
