<?xml version="1.0" encoding="UTF-8"?>
<!-- Generated by org.testng.reporters.JUnitReportReporter -->
<testsuite hostname="F1TestCore13" failures="0" tests="1" name="tests.CreateAchOutward_Test" time="42.910" errors="0" timestamp="2023-09-27T14:54:39 EEST" skipped="0">
  <testcase classname="tests.CreateAchOutward_Test" name="CreateAchOutward" time="42.910"/>
</testsuite> <!-- tests.CreateAchOutward_Test -->
