<?xml version="1.0" encoding="UTF-8"?>
<!-- Generated by org.testng.reporters.JUnitReportReporter -->
<testsuite hostname="F1TestCore13" failures="0" tests="1" name="tests.ABE_Verify_ACH_Outward_Test" time="0.000" errors="0" timestamp="2023-10-09T14:56:37 EEST" skipped="1">
  <testcase classname="tests.ABE_Verify_ACH_Outward_Test" name="verifyACHOutwardTest" time="0.000">
    <skipped/>
  </testcase> <!-- verifyACHOutwardTest -->
</testsuite> <!-- tests.ABE_Verify_ACH_Outward_Test -->
