<?xml version="1.0" encoding="UTF-8"?>
<!-- Generated by org.testng.reporters.JUnitReportReporter -->
<testsuite hostname="F1TestCore13" failures="0" tests="1" name="tests.ABEAuthorizeACHUSOutwardTest" time="0.000" errors="0" timestamp="2023-10-10T14:35:36 EEST" skipped="1">
  <testcase classname="tests.ABEAuthorizeACHUSOutwardTest" name="authorizeACHOutward" time="0.000">
    <skipped/>
  </testcase> <!-- authorizeACHOutward -->
</testsuite> <!-- tests.ABEAuthorizeACHUSOutwardTest -->
