<?xml version="1.0" encoding="UTF-8"?>
<!-- Generated by org.testng.reporters.JUnitReportReporter -->
<testsuite hostname="F1TestCore13" failures="0" tests="1" name="tests.ABECreateSTOTest" time="34.753" errors="0" timestamp="2023-10-15T11:32:59 EEST" skipped="0">
  <testcase classname="tests.ABECreateSTOTest" name="CreateSTO" time="34.753"/>
</testsuite> <!-- tests.ABECreateSTOTest -->
