<?xml version="1.0" encoding="UTF-8"?>
<!-- Generated by org.testng.reporters.JUnitReportReporter -->
<testsuite hostname="F1TestCore13" failures="0" tests="1" name="tests.ABECreateACHUSOutwardTest" time="81.831" errors="0" timestamp="2023-10-10T14:35:36 EEST" skipped="0">
  <testcase classname="tests.ABECreateACHUSOutwardTest" name="CreateAchOutward" time="81.831"/>
</testsuite> <!-- tests.ABECreateACHUSOutwardTest -->
