<?xml version="1.0" encoding="UTF-8"?>
<!-- Generated by org.testng.reporters.JUnitReportReporter -->
<testsuite hostname="Qcentris172" failures="0" tests="1" name="tests.PlaygroundTest" time="11.961" errors="0" timestamp="2023-06-13T10:23:29 EET" skipped="0">
  <testcase classname="tests.PlaygroundTest" name="test" time="11.961"/>
</testsuite> <!-- tests.PlaygroundTest -->
