<?xml version="1.0" encoding="UTF-8"?>
<!-- Generated by org.testng.reporters.JUnitReportReporter -->
<testsuite hostname="F1TestCore2" failures="0" tests="3" name="tests.ABEVerifyMurabahaAccountPayoffMurabahaFinancingTest" time="526.935" errors="0" timestamp="2023-10-24T23:01:47 EEST" skipped="0">
  <testcase classname="tests.ABEVerifyMurabahaAccountPayoffMurabahaFinancingTest" name="verifyMurabahaAccountPayoffMurabahaFinancingTest" time="168.818"/>
  <testcase classname="tests.ABEVerifyMurabahaAccountPayoffMurabahaFinancingTest" name="verifyMurabahaAccountPayoffMurabahaFinancingTest" time="188.031"/>
  <testcase classname="tests.ABEVerifyMurabahaAccountPayoffMurabahaFinancingTest" name="verifyMurabahaAccountPayoffMurabahaFinancingTest" time="170.086"/>
</testsuite> <!-- tests.ABEVerifyMurabahaAccountPayoffMurabahaFinancingTest -->
