<?xml version="1.0" encoding="UTF-8"?>
<!-- Generated by org.testng.reporters.JUnitReportReporter -->
<testsuite hostname="Qcentris172" failures="0" tests="1" name="tests.PlaygroundTest3" time="16.021" errors="0" timestamp="2023-06-13T10:23:29 EET" skipped="0">
  <testcase classname="tests.PlaygroundTest3" name="test" time="16.021"/>
</testsuite> <!-- tests.PlaygroundTest3 -->
