<?xml version="1.0" encoding="UTF-8"?>
<!-- Generated by org.testng.reporters.JUnitReportReporter -->
<testsuite hostname="F1TestCore2" failures="0" tests="10" name="tests.ABEVerifyMurabahaAccountOpeningMurabahaFinancingTest" time="977.191" errors="0" timestamp="2023-10-23T20:56:28 EEST" skipped="0">
  <testcase classname="tests.ABEVerifyMurabahaAccountOpeningMurabahaFinancingTest" name="verifyIslamicMurabahaAccountOpeningTest" time="96.571"/>
  <testcase classname="tests.ABEVerifyMurabahaAccountOpeningMurabahaFinancingTest" name="verifyIslamicMurabahaAccountOpeningTest" time="104.876"/>
  <testcase classname="tests.ABEVerifyMurabahaAccountOpeningMurabahaFinancingTest" name="verifyIslamicMurabahaAccountOpeningTest" time="97.386"/>
  <testcase classname="tests.ABEVerifyMurabahaAccountOpeningMurabahaFinancingTest" name="verifyIslamicMurabahaAccountOpeningTest" time="96.850"/>
  <testcase classname="tests.ABEVerifyMurabahaAccountOpeningMurabahaFinancingTest" name="verifyIslamicMurabahaAccountOpeningTest" time="97.751"/>
  <testcase classname="tests.ABEVerifyMurabahaAccountOpeningMurabahaFinancingTest" name="verifyIslamicMurabahaAccountOpeningTest" time="96.683"/>
  <testcase classname="tests.ABEVerifyMurabahaAccountOpeningMurabahaFinancingTest" name="verifyIslamicMurabahaAccountOpeningTest" time="96.968"/>
  <testcase classname="tests.ABEVerifyMurabahaAccountOpeningMurabahaFinancingTest" name="verifyIslamicMurabahaAccountOpeningTest" time="96.824"/>
  <testcase classname="tests.ABEVerifyMurabahaAccountOpeningMurabahaFinancingTest" name="verifyIslamicMurabahaAccountOpeningTest" time="96.738"/>
  <testcase classname="tests.ABEVerifyMurabahaAccountOpeningMurabahaFinancingTest" name="verifyIslamicMurabahaAccountOpeningTest" time="96.544"/>
</testsuite> <!-- tests.ABEVerifyMurabahaAccountOpeningMurabahaFinancingTest -->
