<?xml version="1.0" encoding="UTF-8"?>
<!-- Generated by org.testng.reporters.JUnitReportReporter -->
<testsuite hostname="F1TestCore2" failures="0" tests="5" name="tests.ABEVerifyCorporateLoanCorporateLoansTest" time="294.853" errors="0" timestamp="2023-10-24T23:01:47 EEST" skipped="0">
  <testcase classname="tests.ABEVerifyCorporateLoanCorporateLoansTest" name="verifyIslamicMurabahaAccountOpeningTest" time="59.438"/>
  <testcase classname="tests.ABEVerifyCorporateLoanCorporateLoansTest" name="verifyIslamicMurabahaAccountOpeningTest" time="58.502"/>
  <testcase classname="tests.ABEVerifyCorporateLoanCorporateLoansTest" name="verifyIslamicMurabahaAccountOpeningTest" time="60.017"/>
  <testcase classname="tests.ABEVerifyCorporateLoanCorporateLoansTest" name="verifyIslamicMurabahaAccountOpeningTest" time="58.033"/>
  <testcase classname="tests.ABEVerifyCorporateLoanCorporateLoansTest" name="verifyIslamicMurabahaAccountOpeningTest" time="58.863"/>
</testsuite> <!-- tests.ABEVerifyCorporateLoanCorporateLoansTest -->
