<?xml version="1.0" encoding="UTF-8"?>
<!-- Generated by org.testng.reporters.JUnitReportReporter -->
<testsuite hostname="F1TestCore2" failures="0" tests="5" name="tests.ABEOpenCorporateLoanCorporateLoansTest" time="545.348" errors="0" timestamp="2023-10-24T23:01:47 EEST" skipped="0">
  <testcase classname="tests.ABEOpenCorporateLoanCorporateLoansTest" name="openCorporateLoanCorporateLoansTest" time="117.174"/>
  <testcase classname="tests.ABEOpenCorporateLoanCorporateLoansTest" name="openCorporateLoanCorporateLoansTest" time="74.501"/>
  <testcase classname="tests.ABEOpenCorporateLoanCorporateLoansTest" name="openCorporateLoanCorporateLoansTest" time="116.741"/>
  <testcase classname="tests.ABEOpenCorporateLoanCorporateLoansTest" name="openCorporateLoanCorporateLoansTest" time="119.778"/>
  <testcase classname="tests.ABEOpenCorporateLoanCorporateLoansTest" name="openCorporateLoanCorporateLoansTest" time="117.154"/>
</testsuite> <!-- tests.ABEOpenCorporateLoanCorporateLoansTest -->
