<?xml version="1.0" encoding="UTF-8"?>
<!-- Generated by org.testng.reporters.JUnitReportReporter -->
<testsuite hostname="F1TestCore2" failures="0" tests="11" name="tests.ABEVerifyTUAOpeningTest" time="1094.508" errors="0" timestamp="2023-10-24T14:27:10 EEST" skipped="0">
  <testcase classname="tests.ABEVerifyTUAOpeningTest" name="verifyIslamicTUATest" time="98.649"/>
  <testcase classname="tests.ABEVerifyTUAOpeningTest" name="verifyIslamicTUATest" time="97.397"/>
  <testcase classname="tests.ABEVerifyTUAOpeningTest" name="verifyIslamicTUATest" time="106.436"/>
  <testcase classname="tests.ABEVerifyTUAOpeningTest" name="verifyIslamicTUATest" time="96.882"/>
  <testcase classname="tests.ABEVerifyTUAOpeningTest" name="verifyIslamicTUATest" time="98.267"/>
  <testcase classname="tests.ABEVerifyTUAOpeningTest" name="verifyIslamicTUATest" time="105.765"/>
  <testcase classname="tests.ABEVerifyTUAOpeningTest" name="verifyIslamicTUATest" time="96.985"/>
  <testcase classname="tests.ABEVerifyTUAOpeningTest" name="verifyIslamicTUATest" time="99.074"/>
  <testcase classname="tests.ABEVerifyTUAOpeningTest" name="verifyIslamicTUATest" time="99.230"/>
  <testcase classname="tests.ABEVerifyTUAOpeningTest" name="verifyIslamicTUATest" time="96.638"/>
  <testcase classname="tests.ABEVerifyTUAOpeningTest" name="verifyIslamicTUATest" time="99.185"/>
</testsuite> <!-- tests.ABEVerifyTUAOpeningTest -->
