<?xml version="1.0" encoding="UTF-8"?>
<!-- Generated by org.testng.reporters.JUnitReportReporter -->
<testsuite hostname="F1TestCore2" failures="0" tests="10" name="tests.ABEDisburseMurabahaAccountMurabahaFinancingTest" time="640.322" errors="0" timestamp="2023-10-24T23:01:47 EEST" skipped="0">
  <testcase classname="tests.ABEDisburseMurabahaAccountMurabahaFinancingTest" name="disburseMurabahaAccountMurabahaFinancingTest" time="72.828"/>
  <testcase classname="tests.ABEDisburseMurabahaAccountMurabahaFinancingTest" name="disburseMurabahaAccountMurabahaFinancingTest" time="63.875"/>
  <testcase classname="tests.ABEDisburseMurabahaAccountMurabahaFinancingTest" name="disburseMurabahaAccountMurabahaFinancingTest" time="63.939"/>
  <testcase classname="tests.ABEDisburseMurabahaAccountMurabahaFinancingTest" name="disburseMurabahaAccountMurabahaFinancingTest" time="64.518"/>
  <testcase classname="tests.ABEDisburseMurabahaAccountMurabahaFinancingTest" name="disburseMurabahaAccountMurabahaFinancingTest" time="64.011"/>
  <testcase classname="tests.ABEDisburseMurabahaAccountMurabahaFinancingTest" name="disburseMurabahaAccountMurabahaFinancingTest" time="64.196"/>
  <testcase classname="tests.ABEDisburseMurabahaAccountMurabahaFinancingTest" name="disburseMurabahaAccountMurabahaFinancingTest" time="63.821"/>
  <testcase classname="tests.ABEDisburseMurabahaAccountMurabahaFinancingTest" name="disburseMurabahaAccountMurabahaFinancingTest" time="63.438"/>
  <testcase classname="tests.ABEDisburseMurabahaAccountMurabahaFinancingTest" name="disburseMurabahaAccountMurabahaFinancingTest" time="64.271"/>
  <testcase classname="tests.ABEDisburseMurabahaAccountMurabahaFinancingTest" name="disburseMurabahaAccountMurabahaFinancingTest" time="55.425"/>
</testsuite> <!-- tests.ABEDisburseMurabahaAccountMurabahaFinancingTest -->
