<?xml version="1.0" encoding="UTF-8"?>
<!-- Generated by org.testng.reporters.JUnitReportReporter -->
<testsuite hostname="F1TestCore2" failures="0" tests="10" name="tests.ABEVerifyMurabahaAccountDisbursementMurabahaFinancingTest" time="589.634" errors="0" timestamp="2023-10-23T20:56:28 EEST" skipped="0">
  <testcase classname="tests.ABEVerifyMurabahaAccountDisbursementMurabahaFinancingTest" name="verifyMurabahaAccountDisbursementMurabahaFinancingTest" time="58.309"/>
  <testcase classname="tests.ABEVerifyMurabahaAccountDisbursementMurabahaFinancingTest" name="verifyMurabahaAccountDisbursementMurabahaFinancingTest" time="58.279"/>
  <testcase classname="tests.ABEVerifyMurabahaAccountDisbursementMurabahaFinancingTest" name="verifyMurabahaAccountDisbursementMurabahaFinancingTest" time="57.131"/>
  <testcase classname="tests.ABEVerifyMurabahaAccountDisbursementMurabahaFinancingTest" name="verifyMurabahaAccountDisbursementMurabahaFinancingTest" time="57.818"/>
  <testcase classname="tests.ABEVerifyMurabahaAccountDisbursementMurabahaFinancingTest" name="verifyMurabahaAccountDisbursementMurabahaFinancingTest" time="58.536"/>
  <testcase classname="tests.ABEVerifyMurabahaAccountDisbursementMurabahaFinancingTest" name="verifyMurabahaAccountDisbursementMurabahaFinancingTest" time="58.154"/>
  <testcase classname="tests.ABEVerifyMurabahaAccountDisbursementMurabahaFinancingTest" name="verifyMurabahaAccountDisbursementMurabahaFinancingTest" time="67.744"/>
  <testcase classname="tests.ABEVerifyMurabahaAccountDisbursementMurabahaFinancingTest" name="verifyMurabahaAccountDisbursementMurabahaFinancingTest" time="58.690"/>
  <testcase classname="tests.ABEVerifyMurabahaAccountDisbursementMurabahaFinancingTest" name="verifyMurabahaAccountDisbursementMurabahaFinancingTest" time="57.786"/>
  <testcase classname="tests.ABEVerifyMurabahaAccountDisbursementMurabahaFinancingTest" name="verifyMurabahaAccountDisbursementMurabahaFinancingTest" time="57.187"/>
</testsuite> <!-- tests.ABEVerifyMurabahaAccountDisbursementMurabahaFinancingTest -->
