<?xml version="1.0" encoding="UTF-8"?>
<!-- Generated by org.testng.reporters.JUnitReportReporter -->
<testsuite hostname="F1TestCore2" failures="0" tests="11" name="tests.ABEOpenTUATest" time="1054.328" errors="0" timestamp="2023-10-24T14:27:10 EEST" skipped="0">
  <testcase classname="tests.ABEOpenTUATest" name="openIslamicTUATest" time="89.974"/>
  <testcase classname="tests.ABEOpenTUATest" name="openIslamicTUATest" time="105.120"/>
  <testcase classname="tests.ABEOpenTUATest" name="openIslamicTUATest" time="90.004"/>
  <testcase classname="tests.ABEOpenTUATest" name="openIslamicTUATest" time="89.715"/>
  <testcase classname="tests.ABEOpenTUATest" name="openIslamicTUATest" time="105.547"/>
  <testcase classname="tests.ABEOpenTUATest" name="openIslamicTUATest" time="106.497"/>
  <testcase classname="tests.ABEOpenTUATest" name="openIslamicTUATest" time="90.178"/>
  <testcase classname="tests.ABEOpenTUATest" name="openIslamicTUATest" time="108.232"/>
  <testcase classname="tests.ABEOpenTUATest" name="openIslamicTUATest" time="90.130"/>
  <testcase classname="tests.ABEOpenTUATest" name="openIslamicTUATest" time="89.190"/>
  <testcase classname="tests.ABEOpenTUATest" name="openIslamicTUATest" time="89.741"/>
</testsuite> <!-- tests.ABEOpenTUATest -->
