<?xml version="1.0" encoding="UTF-8"?>
<!-- Generated by org.testng.reporters.JUnitReportReporter -->
<testsuite hostname="F1TestCore2" failures="0" tests="5" name="tests.ABEVerifyCorporateLoanCorporateLoansTest" time="305.391" errors="0" timestamp="2023-10-23T20:56:28 EEST" skipped="0">
  <testcase classname="tests.ABEVerifyCorporateLoanCorporateLoansTest" name="verifyIslamicMurabahaAccountOpeningTest" time="58.719"/>
  <testcase classname="tests.ABEVerifyCorporateLoanCorporateLoansTest" name="verifyIslamicMurabahaAccountOpeningTest" time="68.592"/>
  <testcase classname="tests.ABEVerifyCorporateLoanCorporateLoansTest" name="verifyIslamicMurabahaAccountOpeningTest" time="58.658"/>
  <testcase classname="tests.ABEVerifyCorporateLoanCorporateLoansTest" name="verifyIslamicMurabahaAccountOpeningTest" time="60.389"/>
  <testcase classname="tests.ABEVerifyCorporateLoanCorporateLoansTest" name="verifyIslamicMurabahaAccountOpeningTest" time="59.033"/>
</testsuite> <!-- tests.ABEVerifyCorporateLoanCorporateLoansTest -->
