<?xml version="1.0" encoding="UTF-8"?>
<!-- Generated by org.testng.reporters.JUnitReportReporter -->
<testsuite hostname="F1TestCore2" failures="0" tests="8" name="tests.ABEOpenCurrentAccountMudarabahCAATest" time="704.558" errors="0" timestamp="2023-10-24T14:27:10 EEST" skipped="0">
  <testcase classname="tests.ABEOpenCurrentAccountMudarabahCAATest" name="openIslamicCurrentAccount" time="86.043"/>
  <testcase classname="tests.ABEOpenCurrentAccountMudarabahCAATest" name="openIslamicCurrentAccount" time="87.660"/>
  <testcase classname="tests.ABEOpenCurrentAccountMudarabahCAATest" name="openIslamicCurrentAccount" time="85.450"/>
  <testcase classname="tests.ABEOpenCurrentAccountMudarabahCAATest" name="openIslamicCurrentAccount" time="85.198"/>
  <testcase classname="tests.ABEOpenCurrentAccountMudarabahCAATest" name="openIslamicCurrentAccount" time="84.688"/>
  <testcase classname="tests.ABEOpenCurrentAccountMudarabahCAATest" name="openIslamicCurrentAccount" time="84.699"/>
  <testcase classname="tests.ABEOpenCurrentAccountMudarabahCAATest" name="openIslamicCurrentAccount" time="87.270"/>
  <testcase classname="tests.ABEOpenCurrentAccountMudarabahCAATest" name="openIslamicCurrentAccount" time="103.550"/>
</testsuite> <!-- tests.ABEOpenCurrentAccountMudarabahCAATest -->
