<?xml version="1.0" encoding="UTF-8"?>
<!-- Generated by org.testng.reporters.JUnitReportReporter -->
<testsuite hostname="F1TestCore2" failures="0" tests="2" name="tests.ABECloseCasaAccountMudarabahTest" time="112.110" errors="0" timestamp="2023-10-24T14:27:10 EEST" skipped="0">
  <testcase classname="tests.ABECloseCasaAccountMudarabahTest" name="closeIslamicCasaAccountTest" time="50.753"/>
  <testcase classname="tests.ABECloseCasaAccountMudarabahTest" name="closeIslamicCasaAccountTest" time="61.357"/>
</testsuite> <!-- tests.ABECloseCasaAccountMudarabahTest -->
