<?xml version="1.0" encoding="UTF-8"?>
<!-- Generated by org.testng.reporters.JUnitReportReporter -->
<testsuite hostname="F1TestCore2" failures="0" tests="10" name="tests.ABEVerifyMurabahaAccountDisbursementMurabahaFinancingTest" time="592.981" errors="0" timestamp="2023-10-24T23:01:47 EEST" skipped="0">
  <testcase classname="tests.ABEVerifyMurabahaAccountDisbursementMurabahaFinancingTest" name="verifyMurabahaAccountDisbursementMurabahaFinancingTest" time="59.410"/>
  <testcase classname="tests.ABEVerifyMurabahaAccountDisbursementMurabahaFinancingTest" name="verifyMurabahaAccountDisbursementMurabahaFinancingTest" time="57.653"/>
  <testcase classname="tests.ABEVerifyMurabahaAccountDisbursementMurabahaFinancingTest" name="verifyMurabahaAccountDisbursementMurabahaFinancingTest" time="67.541"/>
  <testcase classname="tests.ABEVerifyMurabahaAccountDisbursementMurabahaFinancingTest" name="verifyMurabahaAccountDisbursementMurabahaFinancingTest" time="58.530"/>
  <testcase classname="tests.ABEVerifyMurabahaAccountDisbursementMurabahaFinancingTest" name="verifyMurabahaAccountDisbursementMurabahaFinancingTest" time="58.903"/>
  <testcase classname="tests.ABEVerifyMurabahaAccountDisbursementMurabahaFinancingTest" name="verifyMurabahaAccountDisbursementMurabahaFinancingTest" time="58.148"/>
  <testcase classname="tests.ABEVerifyMurabahaAccountDisbursementMurabahaFinancingTest" name="verifyMurabahaAccountDisbursementMurabahaFinancingTest" time="58.089"/>
  <testcase classname="tests.ABEVerifyMurabahaAccountDisbursementMurabahaFinancingTest" name="verifyMurabahaAccountDisbursementMurabahaFinancingTest" time="58.228"/>
  <testcase classname="tests.ABEVerifyMurabahaAccountDisbursementMurabahaFinancingTest" name="verifyMurabahaAccountDisbursementMurabahaFinancingTest" time="58.281"/>
  <testcase classname="tests.ABEVerifyMurabahaAccountDisbursementMurabahaFinancingTest" name="verifyMurabahaAccountDisbursementMurabahaFinancingTest" time="58.198"/>
</testsuite> <!-- tests.ABEVerifyMurabahaAccountDisbursementMurabahaFinancingTest -->
