<?xml version="1.0" encoding="UTF-8"?>
<!-- Generated by org.testng.reporters.JUnitReportReporter -->
<testsuite hostname="F1TestCore2" failures="0" tests="8" name="tests.ABEVerifyCurrentAccountOpeningMudarabahCAATest" time="759.563" errors="0" timestamp="2023-10-24T14:27:10 EEST" skipped="0">
  <testcase classname="tests.ABEVerifyCurrentAccountOpeningMudarabahCAATest" name="verifyIslamicCurrentAccountTest" time="93.366"/>
  <testcase classname="tests.ABEVerifyCurrentAccountOpeningMudarabahCAATest" name="verifyIslamicCurrentAccountTest" time="103.218"/>
  <testcase classname="tests.ABEVerifyCurrentAccountOpeningMudarabahCAATest" name="verifyIslamicCurrentAccountTest" time="93.031"/>
  <testcase classname="tests.ABEVerifyCurrentAccountOpeningMudarabahCAATest" name="verifyIslamicCurrentAccountTest" time="93.608"/>
  <testcase classname="tests.ABEVerifyCurrentAccountOpeningMudarabahCAATest" name="verifyIslamicCurrentAccountTest" time="93.875"/>
  <testcase classname="tests.ABEVerifyCurrentAccountOpeningMudarabahCAATest" name="verifyIslamicCurrentAccountTest" time="94.661"/>
  <testcase classname="tests.ABEVerifyCurrentAccountOpeningMudarabahCAATest" name="verifyIslamicCurrentAccountTest" time="92.646"/>
  <testcase classname="tests.ABEVerifyCurrentAccountOpeningMudarabahCAATest" name="verifyIslamicCurrentAccountTest" time="95.158"/>
</testsuite> <!-- tests.ABEVerifyCurrentAccountOpeningMudarabahCAATest -->
