<?xml version="1.0" encoding="UTF-8"?>
<!-- Generated by org.testng.reporters.JUnitReportReporter -->
<testsuite hostname="F1TestCore2" failures="0" tests="3" name="tests.ABEPayoffMurabahaAccountMurabahaFinancingTest" time="184.105" errors="0" timestamp="2023-10-24T23:01:47 EEST" skipped="0">
  <testcase classname="tests.ABEPayoffMurabahaAccountMurabahaFinancingTest" name="payoffMurabahaAccountMurabahaFinancingTest" time="58.542"/>
  <testcase classname="tests.ABEPayoffMurabahaAccountMurabahaFinancingTest" name="payoffMurabahaAccountMurabahaFinancingTest" time="67.413"/>
  <testcase classname="tests.ABEPayoffMurabahaAccountMurabahaFinancingTest" name="payoffMurabahaAccountMurabahaFinancingTest" time="58.150"/>
</testsuite> <!-- tests.ABEPayoffMurabahaAccountMurabahaFinancingTest -->
