<?xml version="1.0" encoding="UTF-8"?>
<!-- Generated by org.testng.reporters.JUnitReportReporter -->
<testsuite hostname="F1TestCore2" failures="0" tests="10" name="tests.ABEOpenMurabahaAccountMurabahaFinancingTest" time="1554.239" errors="0" timestamp="2023-10-24T23:01:47 EEST" skipped="0">
  <testcase classname="tests.ABEOpenMurabahaAccountMurabahaFinancingTest" name="openMurabahaAccountMurabahaFinancingTest" time="152.648"/>
  <testcase classname="tests.ABEOpenMurabahaAccountMurabahaFinancingTest" name="openMurabahaAccountMurabahaFinancingTest" time="157.399"/>
  <testcase classname="tests.ABEOpenMurabahaAccountMurabahaFinancingTest" name="openMurabahaAccountMurabahaFinancingTest" time="157.813"/>
  <testcase classname="tests.ABEOpenMurabahaAccountMurabahaFinancingTest" name="openMurabahaAccountMurabahaFinancingTest" time="153.160"/>
  <testcase classname="tests.ABEOpenMurabahaAccountMurabahaFinancingTest" name="openMurabahaAccountMurabahaFinancingTest" time="159.806"/>
  <testcase classname="tests.ABEOpenMurabahaAccountMurabahaFinancingTest" name="openMurabahaAccountMurabahaFinancingTest" time="158.481"/>
  <testcase classname="tests.ABEOpenMurabahaAccountMurabahaFinancingTest" name="openMurabahaAccountMurabahaFinancingTest" time="153.425"/>
  <testcase classname="tests.ABEOpenMurabahaAccountMurabahaFinancingTest" name="openMurabahaAccountMurabahaFinancingTest" time="152.314"/>
  <testcase classname="tests.ABEOpenMurabahaAccountMurabahaFinancingTest" name="openMurabahaAccountMurabahaFinancingTest" time="156.755"/>
  <testcase classname="tests.ABEOpenMurabahaAccountMurabahaFinancingTest" name="openMurabahaAccountMurabahaFinancingTest" time="152.438"/>
</testsuite> <!-- tests.ABEOpenMurabahaAccountMurabahaFinancingTest -->
