<?xml version="1.0" encoding="UTF-8"?>
<!-- Generated by org.testng.reporters.JUnitReportReporter -->
<testsuite hostname="F1TestCore2" failures="0" tests="10" name="tests.ABEOpenMurabahaAccountMurabahaFinancingTest" time="1566.086" errors="0" timestamp="2023-10-23T20:56:28 EEST" skipped="0">
  <testcase classname="tests.ABEOpenMurabahaAccountMurabahaFinancingTest" name="openMurabahaAccountMurabahaFinancingTest" time="151.250"/>
  <testcase classname="tests.ABEOpenMurabahaAccountMurabahaFinancingTest" name="openMurabahaAccountMurabahaFinancingTest" time="156.901"/>
  <testcase classname="tests.ABEOpenMurabahaAccountMurabahaFinancingTest" name="openMurabahaAccountMurabahaFinancingTest" time="151.938"/>
  <testcase classname="tests.ABEOpenMurabahaAccountMurabahaFinancingTest" name="openMurabahaAccountMurabahaFinancingTest" time="152.468"/>
  <testcase classname="tests.ABEOpenMurabahaAccountMurabahaFinancingTest" name="openMurabahaAccountMurabahaFinancingTest" time="157.541"/>
  <testcase classname="tests.ABEOpenMurabahaAccountMurabahaFinancingTest" name="openMurabahaAccountMurabahaFinancingTest" time="165.482"/>
  <testcase classname="tests.ABEOpenMurabahaAccountMurabahaFinancingTest" name="openMurabahaAccountMurabahaFinancingTest" time="153.557"/>
  <testcase classname="tests.ABEOpenMurabahaAccountMurabahaFinancingTest" name="openMurabahaAccountMurabahaFinancingTest" time="151.687"/>
  <testcase classname="tests.ABEOpenMurabahaAccountMurabahaFinancingTest" name="openMurabahaAccountMurabahaFinancingTest" time="169.120"/>
  <testcase classname="tests.ABEOpenMurabahaAccountMurabahaFinancingTest" name="openMurabahaAccountMurabahaFinancingTest" time="156.142"/>
</testsuite> <!-- tests.ABEOpenMurabahaAccountMurabahaFinancingTest -->
