<?xml version="1.0" encoding="UTF-8"?>
<!-- Generated by org.testng.reporters.JUnitReportReporter -->
<testsuite hostname="F1TestCore2" failures="0" tests="2" name="tests.ABEVerifyCasaAccountClosureMudarabahTest" time="121.542" errors="0" timestamp="2023-10-24T14:27:10 EEST" skipped="0">
  <testcase classname="tests.ABEVerifyCasaAccountClosureMudarabahTest" name="closeIslamicCasaAccountTest" time="55.743"/>
  <testcase classname="tests.ABEVerifyCasaAccountClosureMudarabahTest" name="closeIslamicCasaAccountTest" time="65.799"/>
</testsuite> <!-- tests.ABEVerifyCasaAccountClosureMudarabahTest -->
