<?xml version="1.0" encoding="UTF-8"?>
<!-- Generated by org.testng.reporters.JUnitReportReporter -->
<testsuite hostname="F1TestCore2" failures="0" tests="5" name="tests.ABEOpenCorporateLoanCorporateLoansTest" time="545.370" errors="0" timestamp="2023-10-23T20:56:28 EEST" skipped="0">
  <testcase classname="tests.ABEOpenCorporateLoanCorporateLoansTest" name="openCorporateLoanCorporateLoansTest" time="116.577"/>
  <testcase classname="tests.ABEOpenCorporateLoanCorporateLoansTest" name="openCorporateLoanCorporateLoansTest" time="118.170"/>
  <testcase classname="tests.ABEOpenCorporateLoanCorporateLoansTest" name="openCorporateLoanCorporateLoansTest" time="63.731"/>
  <testcase classname="tests.ABEOpenCorporateLoanCorporateLoansTest" name="openCorporateLoanCorporateLoansTest" time="129.035"/>
  <testcase classname="tests.ABEOpenCorporateLoanCorporateLoansTest" name="openCorporateLoanCorporateLoansTest" time="117.857"/>
</testsuite> <!-- tests.ABEOpenCorporateLoanCorporateLoansTest -->
