<?xml version="1.0" encoding="UTF-8"?>
<!-- Generated by org.testng.reporters.JUnitReportReporter -->
<testsuite hostname="F1TestCore2" failures="0" tests="11" name="tests.ABECloseTUATest" time="651.646" errors="0" timestamp="2023-10-24T14:27:10 EEST" skipped="0">
  <testcase classname="tests.ABECloseTUATest" name="closeIslamicTUATest" time="58.115"/>
  <testcase classname="tests.ABECloseTUATest" name="closeIslamicTUATest" time="58.822"/>
  <testcase classname="tests.ABECloseTUATest" name="closeIslamicTUATest" time="58.369"/>
  <testcase classname="tests.ABECloseTUATest" name="closeIslamicTUATest" time="58.449"/>
  <testcase classname="tests.ABECloseTUATest" name="closeIslamicTUATest" time="58.020"/>
  <testcase classname="tests.ABECloseTUATest" name="closeIslamicTUATest" time="57.992"/>
  <testcase classname="tests.ABECloseTUATest" name="closeIslamicTUATest" time="69.233"/>
  <testcase classname="tests.ABECloseTUATest" name="closeIslamicTUATest" time="57.719"/>
  <testcase classname="tests.ABECloseTUATest" name="closeIslamicTUATest" time="58.679"/>
  <testcase classname="tests.ABECloseTUATest" name="closeIslamicTUATest" time="58.306"/>
  <testcase classname="tests.ABECloseTUATest" name="closeIslamicTUATest" time="57.942"/>
</testsuite> <!-- tests.ABECloseTUATest -->
