<?xml version="1.0" encoding="UTF-8"?>
<!-- Generated by org.testng.reporters.JUnitReportReporter -->
<testsuite hostname="F1TestCore2" failures="0" tests="10" name="tests.ABEDisburseMurabahaAccountMurabahaFinancingTest" time="648.817" errors="0" timestamp="2023-10-23T20:56:28 EEST" skipped="0">
  <testcase classname="tests.ABEDisburseMurabahaAccountMurabahaFinancingTest" name="disburseMurabahaAccountMurabahaFinancingTest" time="63.552"/>
  <testcase classname="tests.ABEDisburseMurabahaAccountMurabahaFinancingTest" name="disburseMurabahaAccountMurabahaFinancingTest" time="64.527"/>
  <testcase classname="tests.ABEDisburseMurabahaAccountMurabahaFinancingTest" name="disburseMurabahaAccountMurabahaFinancingTest" time="64.644"/>
  <testcase classname="tests.ABEDisburseMurabahaAccountMurabahaFinancingTest" name="disburseMurabahaAccountMurabahaFinancingTest" time="64.017"/>
  <testcase classname="tests.ABEDisburseMurabahaAccountMurabahaFinancingTest" name="disburseMurabahaAccountMurabahaFinancingTest" time="63.435"/>
  <testcase classname="tests.ABEDisburseMurabahaAccountMurabahaFinancingTest" name="disburseMurabahaAccountMurabahaFinancingTest" time="73.075"/>
  <testcase classname="tests.ABEDisburseMurabahaAccountMurabahaFinancingTest" name="disburseMurabahaAccountMurabahaFinancingTest" time="64.008"/>
  <testcase classname="tests.ABEDisburseMurabahaAccountMurabahaFinancingTest" name="disburseMurabahaAccountMurabahaFinancingTest" time="63.438"/>
  <testcase classname="tests.ABEDisburseMurabahaAccountMurabahaFinancingTest" name="disburseMurabahaAccountMurabahaFinancingTest" time="72.404"/>
  <testcase classname="tests.ABEDisburseMurabahaAccountMurabahaFinancingTest" name="disburseMurabahaAccountMurabahaFinancingTest" time="55.717"/>
</testsuite> <!-- tests.ABEDisburseMurabahaAccountMurabahaFinancingTest -->
