<?xml version="1.0" encoding="UTF-8"?>
<<<<<<< HEAD
<testsuite xmlns:xsi="http://www.w3.org/2001/XMLSchema-instance" xsi:noNamespaceSchemaLocation="https://maven.apache.org/surefire/maven-surefire-plugin/xsd/surefire-test-report-3.0.xsd" version="3.0" name="TestSuite" time="124.661" tests="3" errors="0" skipped="0" failures="0">
=======
<testsuite xmlns:xsi="http://www.w3.org/2001/XMLSchema-instance" xsi:noNamespaceSchemaLocation="https://maven.apache.org/surefire/maven-surefire-plugin/xsd/surefire-test-report-3.0.xsd" version="3.0" name="TestSuite" time="7.21" tests="30" errors="0" skipped="29" failures="1">
>>>>>>> 89d444d1b0d38c8288892a550738ee1f527d2030
  <properties>
    <property name="java.specification.version" value="17"/>
    <property name="sun.cpu.isalist" value="amd64"/>
    <property name="sun.jnu.encoding" value="Cp1256"/>
    <property name="sun.awt.enableExtraMouseButtons" value="true"/>
    <property name="java.class.path" value="C:\Users\Pakinam.hussam\git\ABE_Selenium\Training\target\test-classes;C:\Users\Pakinam.hussam\git\ABE_Selenium\Training\target\classes;C:\Users\Pakinam.hussam\.m2\repository\org\seleniumhq\selenium\selenium-java\3.141.59\selenium-java-3.141.59.jar;C:\Users\Pakinam.hussam\.m2\repository\org\seleniumhq\selenium\selenium-api\3.141.59\selenium-api-3.141.59.jar;C:\Users\Pakinam.hussam\.m2\repository\org\seleniumhq\selenium\selenium-chrome-driver\3.141.59\selenium-chrome-driver-3.141.59.jar;C:\Users\Pakinam.hussam\.m2\repository\org\seleniumhq\selenium\selenium-edge-driver\3.141.59\selenium-edge-driver-3.141.59.jar;C:\Users\Pakinam.hussam\.m2\repository\org\seleniumhq\selenium\selenium-firefox-driver\3.141.59\selenium-firefox-driver-3.141.59.jar;C:\Users\Pakinam.hussam\.m2\repository\org\seleniumhq\selenium\selenium-ie-driver\3.141.59\selenium-ie-driver-3.141.59.jar;C:\Users\Pakinam.hussam\.m2\repository\org\seleniumhq\selenium\selenium-opera-driver\3.141.59\selenium-opera-driver-3.141.59.jar;C:\Users\Pakinam.hussam\.m2\repository\org\seleniumhq\selenium\selenium-remote-driver\3.141.59\selenium-remote-driver-3.141.59.jar;C:\Users\Pakinam.hussam\.m2\repository\org\seleniumhq\selenium\selenium-safari-driver\3.141.59\selenium-safari-driver-3.141.59.jar;C:\Users\Pakinam.hussam\.m2\repository\org\seleniumhq\selenium\selenium-support\3.141.59\selenium-support-3.141.59.jar;C:\Users\Pakinam.hussam\.m2\repository\net\bytebuddy\byte-buddy\1.8.15\byte-buddy-1.8.15.jar;C:\Users\Pakinam.hussam\.m2\repository\org\apache\commons\commons-exec\1.3\commons-exec-1.3.jar;C:\Users\Pakinam.hussam\.m2\repository\com\google\guava\guava\25.0-jre\guava-25.0-jre.jar;C:\Users\Pakinam.hussam\.m2\repository\com\google\code\findbugs\jsr305\1.3.9\jsr305-1.3.9.jar;C:\Users\Pakinam.hussam\.m2\repository\org\checkerframework\checker-compat-qual\2.0.0\checker-compat-qual-2.0.0.jar;C:\Users\Pakinam.hussam\.m2\repository\com\google\errorprone\error_prone_annotations\2.1.3\error_prone_annotations-2.1.3.jar;C:\Users\Pakinam.hussam\.m2\repository\com\google\j2objc\j2objc-annotations\1.1\j2objc-annotations-1.1.jar;C:\Users\Pakinam.hussam\.m2\repository\org\codehaus\mojo\animal-sniffer-annotations\1.14\animal-sniffer-annotations-1.14.jar;C:\Users\Pakinam.hussam\.m2\repository\com\squareup\okhttp3\okhttp\3.11.0\okhttp-3.11.0.jar;C:\Users\Pakinam.hussam\.m2\repository\com\squareup\okio\okio\1.14.0\okio-1.14.0.jar;C:\Users\Pakinam.hussam\.m2\repository\org\slf4j\slf4j-api\1.7.5\slf4j-api-1.7.5.jar;C:\Users\Pakinam.hussam\.m2\repository\org\slf4j\slf4j-log4j12\1.7.5\slf4j-log4j12-1.7.5.jar;C:\Users\Pakinam.hussam\.m2\repository\log4j\log4j\1.2.17\log4j-1.2.17.jar;C:\Users\Pakinam.hussam\.m2\repository\com\sikulix\sikulixapi\2.0.5\sikulixapi-2.0.5.jar;C:\Users\Pakinam.hussam\.m2\repository\org\python\jython-slim\2.7.2\jython-slim-2.7.2.jar;C:\Users\Pakinam.hussam\.m2\repository\org\antlr\antlr\3.5.2\antlr-3.5.2.jar;C:\Users\Pakinam.hussam\.m2\repository\org\antlr\ST4\4.0.8\ST4-4.0.8.jar;C:\Users\Pakinam.hussam\.m2\repository\javax\servlet\javax.servlet-api\3.1.0\javax.servlet-api-3.1.0.jar;C:\Users\Pakinam.hussam\.m2\repository\org\antlr\antlr-runtime\3.5.2\antlr-runtime-3.5.2.jar;C:\Users\Pakinam.hussam\.m2\repository\org\bouncycastle\bcpkix-jdk15on\1.62\bcpkix-jdk15on-1.62.jar;C:\Users\Pakinam.hussam\.m2\repository\org\bouncycastle\bcprov-jdk15on\1.62\bcprov-jdk15on-1.62.jar;C:\Users\Pakinam.hussam\.m2\repository\org\ow2\asm\asm\7.1\asm-7.1.jar;C:\Users\Pakinam.hussam\.m2\repository\org\ow2\asm\asm-commons\7.1\asm-commons-7.1.jar;C:\Users\Pakinam.hussam\.m2\repository\org\ow2\asm\asm-tree\7.1\asm-tree-7.1.jar;C:\Users\Pakinam.hussam\.m2\repository\org\ow2\asm\asm-analysis\7.1\asm-analysis-7.1.jar;C:\Users\Pakinam.hussam\.m2\repository\org\ow2\asm\asm-util\7.1\asm-util-7.1.jar;C:\Users\Pakinam.hussam\.m2\repository\com\google\guava\failureaccess\1.0.1\failureaccess-1.0.1.jar;C:\Users\Pakinam.hussam\.m2\repository\com\ibm\icu\icu4j\59.1\icu4j-59.1.jar;C:\Users\Pakinam.hussam\.m2\repository\com\carrotsearch\java-sizeof\0.0.5\java-sizeof-0.0.5.jar;C:\Users\Pakinam.hussam\.m2\repository\com\github\jnr\jffi\1.2.20\jffi-1.2.20.jar;C:\Users\Pakinam.hussam\.m2\repository\com\github\jnr\jnr-netdb\1.1.6\jnr-netdb-1.1.6.jar;C:\Users\Pakinam.hussam\.m2\repository\com\github\jnr\jnr-ffi\2.1.10\jnr-ffi-2.1.10.jar;C:\Users\Pakinam.hussam\.m2\repository\com\github\jnr\jffi\1.2.19\jffi-1.2.19-native.jar;C:\Users\Pakinam.hussam\.m2\repository\com\github\jnr\jnr-a64asm\1.0.0\jnr-a64asm-1.0.0.jar;C:\Users\Pakinam.hussam\.m2\repository\com\github\jnr\jnr-x86asm\1.0.2\jnr-x86asm-1.0.2.jar;C:\Users\Pakinam.hussam\.m2\repository\com\github\jnr\jnr-posix\3.0.50\jnr-posix-3.0.50.jar;C:\Users\Pakinam.hussam\.m2\repository\com\github\jnr\jnr-constants\0.9.12\jnr-constants-0.9.12.jar;C:\Users\Pakinam.hussam\.m2\repository\jline\jline\2.14.5\jline-2.14.5.jar;C:\Users\Pakinam.hussam\.m2\repository\io\netty\netty-buffer\4.1.45.Final\netty-buffer-4.1.45.Final.jar;C:\Users\Pakinam.hussam\.m2\repository\io\netty\netty-codec\4.1.45.Final\netty-codec-4.1.45.Final.jar;C:\Users\Pakinam.hussam\.m2\repository\io\netty\netty-common\4.1.45.Final\netty-common-4.1.45.Final.jar;C:\Users\Pakinam.hussam\.m2\repository\io\netty\netty-handler\4.1.45.Final\netty-handler-4.1.45.Final.jar;C:\Users\Pakinam.hussam\.m2\repository\io\netty\netty-resolver\4.1.45.Final\netty-resolver-4.1.45.Final.jar;C:\Users\Pakinam.hussam\.m2\repository\io\netty\netty-transport\4.1.45.Final\netty-transport-4.1.45.Final.jar;C:\Users\Pakinam.hussam\.m2\repository\org\apache\ant\ant\1.9.7\ant-1.9.7.jar;C:\Users\Pakinam.hussam\.m2\repository\org\apache\ant\ant-launcher\1.9.7\ant-launcher-1.9.7.jar;C:\Users\Pakinam.hussam\.m2\repository\com\sikulix\sikulix2tigervnc\1.1.4\sikulix2tigervnc-1.1.4.jar;C:\Users\Pakinam.hussam\.m2\repository\org\openpnp\opencv\4.3.0-3\opencv-4.3.0-3.jar;C:\Users\Pakinam.hussam\.m2\repository\commons-cli\commons-cli\1.4\commons-cli-1.4.jar;C:\Users\Pakinam.hussam\.m2\repository\net\java\dev\jna\jna-platform\5.6.0\jna-platform-5.6.0.jar;C:\Users\Pakinam.hussam\.m2\repository\net\java\dev\jna\jna\5.6.0\jna-5.6.0.jar;C:\Users\Pakinam.hussam\.m2\repository\net\oneandone\reflections8\reflections8\0.11.6\reflections8-0.11.6.jar;C:\Users\Pakinam.hussam\.m2\repository\org\javassist\javassist\3.22.0-GA\javassist-3.22.0-GA.jar;C:\Users\Pakinam.hussam\.m2\repository\net\sourceforge\tess4j\tess4j\4.5.4\tess4j-4.5.4.jar;C:\Users\Pakinam.hussam\.m2\repository\com\github\jai-imageio\jai-imageio-core\1.4.0\jai-imageio-core-1.4.0.jar;C:\Users\Pakinam.hussam\.m2\repository\org\ghost4j\ghost4j\1.0.1\ghost4j-1.0.1.jar;C:\Users\Pakinam.hussam\.m2\repository\org\apache\xmlgraphics\xmlgraphics-commons\1.4\xmlgraphics-commons-1.4.jar;C:\Users\Pakinam.hussam\.m2\repository\com\lowagie\itext\2.1.7\itext-2.1.7.jar;C:\Users\Pakinam.hussam\.m2\repository\org\apache\pdfbox\pdfbox\2.0.21\pdfbox-2.0.21.jar;C:\Users\Pakinam.hussam\.m2\repository\org\apache\pdfbox\fontbox\2.0.21\fontbox-2.0.21.jar;C:\Users\Pakinam.hussam\.m2\repository\org\apache\pdfbox\pdfbox-tools\2.0.21\pdfbox-tools-2.0.21.jar;C:\Users\Pakinam.hussam\.m2\repository\org\apache\pdfbox\pdfbox-debugger\2.0.21\pdfbox-debugger-2.0.21.jar;C:\Users\Pakinam.hussam\.m2\repository\org\apache\pdfbox\jbig2-imageio\3.0.3\jbig2-imageio-3.0.3.jar;C:\Users\Pakinam.hussam\.m2\repository\net\sourceforge\lept4j\lept4j\1.13.2\lept4j-1.13.2.jar;C:\Users\Pakinam.hussam\.m2\repository\org\jboss\jboss-vfs\3.2.15.Final\jboss-vfs-3.2.15.Final.jar;C:\Users\Pakinam.hussam\.m2\repository\org\jboss\logging\jboss-logging\3.1.4.GA\jboss-logging-3.1.4.GA.jar;C:\Users\Pakinam.hussam\.m2\repository\org\slf4j\slf4j-nop\1.7.28\slf4j-nop-1.7.28.jar;C:\Users\Pakinam.hussam\.m2\repository\net\sf\py4j\py4j\0.10.9.1\py4j-0.10.9.1.jar;C:\Users\Pakinam.hussam\.m2\repository\org\projectlombok\lombok\1.18.24\lombok-1.18.24.jar;C:\Users\Pakinam.hussam\.m2\repository\org\testng\testng\7.8.0\testng-7.8.0.jar;C:\Users\Pakinam.hussam\.m2\repository\com\beust\jcommander\1.82\jcommander-1.82.jar;C:\Users\Pakinam.hussam\.m2\repository\org\webjars\jquery\3.6.1\jquery-3.6.1.jar;C:\Users\Pakinam.hussam\.m2\repository\ru\yandex\qatools\ashot\ashot\1.5.4\ashot-1.5.4.jar;C:\Users\Pakinam.hussam\.m2\repository\commons-io\commons-io\2.5\commons-io-2.5.jar;C:\Users\Pakinam.hussam\.m2\repository\org\hamcrest\hamcrest-core\1.3\hamcrest-core-1.3.jar;C:\Users\Pakinam.hussam\.m2\repository\io\qameta\allure\allure-testng\2.23.0\allure-testng-2.23.0.jar;C:\Users\Pakinam.hussam\.m2\repository\io\qameta\allure\allure-java-commons\2.23.0\allure-java-commons-2.23.0.jar;C:\Users\Pakinam.hussam\.m2\repository\io\qameta\allure\allure-model\2.23.0\allure-model-2.23.0.jar;C:\Users\Pakinam.hussam\.m2\repository\io\qameta\allure\allure-test-filter\2.23.0\allure-test-filter-2.23.0.jar;C:\Users\Pakinam.hussam\.m2\repository\org\apache\logging\log4j\log4j-core\3.0.0-alpha1\log4j-core-3.0.0-alpha1.jar;C:\Users\Pakinam.hussam\.m2\repository\org\apache\logging\log4j\log4j-plugins\3.0.0-alpha1\log4j-plugins-3.0.0-alpha1.jar;C:\Users\Pakinam.hussam\.m2\repository\javax\activation\javax.activation-api\1.2.0\javax.activation-api-1.2.0.jar;C:\Users\Pakinam.hussam\.m2\repository\javax\xml\bind\jaxb-api\2.3.1\jaxb-api-2.3.1.jar;C:\Users\Pakinam.hussam\.m2\repository\com\fasterxml\woodstox\woodstox-core\6.5.0\woodstox-core-6.5.0.jar;C:\Users\Pakinam.hussam\.m2\repository\org\codehaus\woodstox\stax2-api\4.2.1\stax2-api-4.2.1.jar;C:\Users\Pakinam.hussam\.m2\repository\com\aventstack\extentreports\5.1.0\extentreports-5.1.0.jar;C:\Users\Pakinam.hussam\.m2\repository\io\reactivex\rxjava3\rxjava\3.1.6\rxjava-3.1.6.jar;C:\Users\Pakinam.hussam\.m2\repository\org\reactivestreams\reactive-streams\1.0.4\reactive-streams-1.0.4.jar;C:\Users\Pakinam.hussam\.m2\repository\org\freemarker\freemarker\2.3.32\freemarker-2.3.32.jar;C:\Users\Pakinam.hussam\.m2\repository\org\apache\logging\log4j\log4j-api\2.14.1\log4j-api-2.14.1.jar;C:\Users\Pakinam.hussam\.m2\repository\org\apache\commons\commons-csv\1.5\commons-csv-1.5.jar;C:\Users\Pakinam.hussam\.m2\repository\org\apache\poi\poi\4.1.2\poi-4.1.2.jar;C:\Users\Pakinam.hussam\.m2\repository\commons-codec\commons-codec\1.13\commons-codec-1.13.jar;C:\Users\Pakinam.hussam\.m2\repository\org\apache\commons\commons-collections4\4.4\commons-collections4-4.4.jar;C:\Users\Pakinam.hussam\.m2\repository\org\apache\commons\commons-math3\3.6.1\commons-math3-3.6.1.jar;C:\Users\Pakinam.hussam\.m2\repository\com\zaxxer\SparseBitSet\1.2\SparseBitSet-1.2.jar;C:\Users\Pakinam.hussam\.m2\repository\org\apache\poi\poi-ooxml\4.1.2\poi-ooxml-4.1.2.jar;C:\Users\Pakinam.hussam\.m2\repository\org\apache\poi\poi-ooxml-schemas\4.1.2\poi-ooxml-schemas-4.1.2.jar;C:\Users\Pakinam.hussam\.m2\repository\org\apache\xmlbeans\xmlbeans\3.1.0\xmlbeans-3.1.0.jar;C:\Users\Pakinam.hussam\.m2\repository\org\apache\commons\commons-compress\1.19\commons-compress-1.19.jar;C:\Users\Pakinam.hussam\.m2\repository\com\github\virtuald\curvesapi\1.06\curvesapi-1.06.jar;C:\Users\Pakinam.hussam\.m2\repository\com\github\automatedowl\allure-environment-writer\1.0.0\allure-environment-writer-1.0.0.jar;C:\Users\Pakinam.hussam\.m2\repository\com\opencsv\opencsv\5.7.1\opencsv-5.7.1.jar;C:\Users\Pakinam.hussam\.m2\repository\org\apache\commons\commons-lang3\3.12.0\commons-lang3-3.12.0.jar;C:\Users\Pakinam.hussam\.m2\repository\org\apache\commons\commons-text\1.10.0\commons-text-1.10.0.jar;C:\Users\Pakinam.hussam\.m2\repository\commons-beanutils\commons-beanutils\1.9.4\commons-beanutils-1.9.4.jar;C:\Users\Pakinam.hussam\.m2\repository\commons-logging\commons-logging\1.2\commons-logging-1.2.jar;C:\Users\Pakinam.hussam\.m2\repository\commons-collections\commons-collections\3.2.2\commons-collections-3.2.2.jar;C:\Users\Pakinam.hussam\.m2\repository\com\aspose\aspose-pdf\23.8\aspose-pdf-23.8.jar;C:\Users\Pakinam.hussam\.m2\repository\com\aspose\aspose-words\23.8\aspose-words-23.8-jdk17.jar;C:\Users\Pakinam.hussam\.m2\repository\com\aspose\aspose-words\23.8\aspose-words-23.8-javadoc.jar;C:\Users\Pakinam.hussam\.m2\repository\com\aspose\aspose-words\23.8\aspose-words-23.8-shaping-harfbuzz-plugin.jar;C:\Users\Pakinam.hussam\.m2\repository\org\jogamp\jogl\jogl-all-main\2.3.2\jogl-all-main-2.3.2.jar;C:\Users\Pakinam.hussam\.m2\repository\org\jogamp\jogl\jogl-all\2.3.2\jogl-all-2.3.2.jar;C:\Users\Pakinam.hussam\.m2\repository\org\jogamp\jogl\jogl-all\2.3.2\jogl-all-2.3.2-natives-android-aarch64.jar;C:\Users\Pakinam.hussam\.m2\repository\org\jogamp\jogl\jogl-all\2.3.2\jogl-all-2.3.2-natives-android-armv6.jar;C:\Users\Pakinam.hussam\.m2\repository\org\jogamp\jogl\jogl-all\2.3.2\jogl-all-2.3.2-natives-linux-amd64.jar;C:\Users\Pakinam.hussam\.m2\repository\org\jogamp\jogl\jogl-all\2.3.2\jogl-all-2.3.2-natives-linux-armv6.jar;C:\Users\Pakinam.hussam\.m2\repository\org\jogamp\jogl\jogl-all\2.3.2\jogl-all-2.3.2-natives-linux-armv6hf.jar;C:\Users\Pakinam.hussam\.m2\repository\org\jogamp\jogl\jogl-all\2.3.2\jogl-all-2.3.2-natives-linux-i586.jar;C:\Users\Pakinam.hussam\.m2\repository\org\jogamp\jogl\jogl-all\2.3.2\jogl-all-2.3.2-natives-macosx-universal.jar;C:\Users\Pakinam.hussam\.m2\repository\org\jogamp\jogl\jogl-all\2.3.2\jogl-all-2.3.2-natives-solaris-amd64.jar;C:\Users\Pakinam.hussam\.m2\repository\org\jogamp\jogl\jogl-all\2.3.2\jogl-all-2.3.2-natives-solaris-i586.jar;C:\Users\Pakinam.hussam\.m2\repository\org\jogamp\jogl\jogl-all\2.3.2\jogl-all-2.3.2-natives-windows-amd64.jar;C:\Users\Pakinam.hussam\.m2\repository\org\jogamp\jogl\jogl-all\2.3.2\jogl-all-2.3.2-natives-windows-i586.jar;C:\Users\Pakinam.hussam\.m2\repository\org\jogamp\gluegen\gluegen-rt-main\2.3.2\gluegen-rt-main-2.3.2.jar;C:\Users\Pakinam.hussam\.m2\repository\org\jogamp\gluegen\gluegen-rt\2.3.2\gluegen-rt-2.3.2.jar;C:\Users\Pakinam.hussam\.m2\repository\org\jogamp\gluegen\gluegen-rt\2.3.2\gluegen-rt-2.3.2-natives-android-aarch64.jar;C:\Users\Pakinam.hussam\.m2\repository\org\jogamp\gluegen\gluegen-rt\2.3.2\gluegen-rt-2.3.2-natives-android-armv6.jar;C:\Users\Pakinam.hussam\.m2\repository\org\jogamp\gluegen\gluegen-rt\2.3.2\gluegen-rt-2.3.2-natives-linux-amd64.jar;C:\Users\Pakinam.hussam\.m2\repository\org\jogamp\gluegen\gluegen-rt\2.3.2\gluegen-rt-2.3.2-natives-linux-armv6.jar;C:\Users\Pakinam.hussam\.m2\repository\org\jogamp\gluegen\gluegen-rt\2.3.2\gluegen-rt-2.3.2-natives-linux-armv6hf.jar;C:\Users\Pakinam.hussam\.m2\repository\org\jogamp\gluegen\gluegen-rt\2.3.2\gluegen-rt-2.3.2-natives-linux-i586.jar;C:\Users\Pakinam.hussam\.m2\repository\org\jogamp\gluegen\gluegen-rt\2.3.2\gluegen-rt-2.3.2-natives-macosx-universal.jar;C:\Users\Pakinam.hussam\.m2\repository\org\jogamp\gluegen\gluegen-rt\2.3.2\gluegen-rt-2.3.2-natives-solaris-amd64.jar;C:\Users\Pakinam.hussam\.m2\repository\org\jogamp\gluegen\gluegen-rt\2.3.2\gluegen-rt-2.3.2-natives-solaris-i586.jar;C:\Users\Pakinam.hussam\.m2\repository\org\jogamp\gluegen\gluegen-rt\2.3.2\gluegen-rt-2.3.2-natives-windows-amd64.jar;C:\Users\Pakinam.hussam\.m2\repository\org\jogamp\gluegen\gluegen-rt\2.3.2\gluegen-rt-2.3.2-natives-windows-i586.jar;C:\Users\Pakinam.hussam\.m2\repository\com\aspose\aspose-cad\23.3\aspose-cad-23.3.jar;C:\Users\Pakinam.hussam\.m2\repository\com\aspose\aspose-font\23.8\aspose-font-23.8.jar;C:\Users\Pakinam.hussam\.m2\repository\com\aspose\aspose-note\23.7\aspose-note-23.7-jdk17.jar;C:\Users\Pakinam.hussam\.m2\repository\com\aspose\aspose-ocr\23.7.1\aspose-ocr-23.7.1.jar;C:\Users\Pakinam.hussam\.m2\repository\com\microsoft\onnxruntime\onnxruntime\1.13.1\onnxruntime-1.13.1.jar;C:\Users\Pakinam.hussam\.m2\repository\com\aspose\aspose-ocr-gpu\23.6.1\aspose-ocr-gpu-23.6.1.jar;C:\Users\Pakinam.hussam\.m2\repository\com\microsoft\onnxruntime\onnxruntime_gpu\1.15.1\onnxruntime_gpu-1.15.1.jar;C:\Users\Pakinam.hussam\.m2\repository\com\aspose\aspose-omr\23.5\aspose-omr-23.5.jar;C:\Users\Pakinam.hussam\.m2\repository\com\aspose\aspose-page\23.8\aspose-page-23.8.jar;C:\Users\Pakinam.hussam\.m2\repository\com\aspose\aspose-psd\23.4\aspose-psd-23.4-jdk16.jar;C:\Users\Pakinam.hussam\.m2\repository\com\aspose\aspose-pub\22.8\aspose-pub-22.8.jar;C:\Users\Pakinam.hussam\.m2\repository\com\aspose\aspose-tex\23.8\aspose-tex-23.8.jar;C:\Users\Pakinam.hussam\.m2\repository\com\aspose\aspose-3d\23.8.0\aspose-3d-23.8.0.jar;C:\Users\Pakinam.hussam\.m2\repository\org\lwjgl\lwjgl\3.2.1\lwjgl-3.2.1.jar;C:\Users\Pakinam.hussam\.m2\repository\org\lwjgl\lwjgl-vulkan\3.2.1\lwjgl-vulkan-3.2.1.jar;C:\Users\Pakinam.hussam\.m2\repository\org\lwjgl\lwjgl\3.2.1\lwjgl-3.2.1-natives-windows.jar;C:\Users\Pakinam.hussam\.m2\repository\org\bouncycastle\bc-fips\1.0.2.3\bc-fips-1.0.2.3.jar;C:\Users\Pakinam.hussam\.m2\repository\com\aspose\aspose-barcode\23.8\aspose-barcode-23.8.jar;C:\Users\Pakinam.hussam\.m2\repository\com\aspose\aspose-cells\23.8\aspose-cells-23.8.jar;C:\Users\Pakinam.hussam\.m2\repository\com\aspose\aspose-email\23.7\aspose-email-23.7-jdk16.jar;C:\Users\Pakinam.hussam\.m2\repository\com\aspose\aspose-html\23.8\aspose-html-23.8-jdk1.8.jar;C:\Users\Pakinam.hussam\.m2\repository\com\aspose\aspose-imaging\23.8\aspose-imaging-23.8-jdk16.jar;C:\Users\Pakinam.hussam\.m2\repository\com\aspose\aspose-slides\23.8\aspose-slides-23.8-jdk16.jar;C:\Users\Pakinam.hussam\.m2\repository\com\aspose\aspose-tasks\23.8\aspose-tasks-23.8-jdk18.jar;C:\Users\Pakinam.hussam\.m2\repository\com\aspose\aspose-diagram\23.8\aspose-diagram-23.8.jar;C:\Users\Pakinam.hussam\.m2\repository\com\google\code\gson\gson\2.8.8\gson-2.8.8.jar;"/>
    <property name="java.vm.vendor" value="Eclipse Adoptium"/>
    <property name="sun.arch.data.model" value="64"/>
    <property name="user.variant" value=""/>
    <property name="java.vendor.url" value="https://adoptium.net/"/>
    <property name="user.timezone" value="Africa/Cairo"/>
    <property name="os.name" value="Windows 10"/>
    <property name="java.vm.specification.version" value="17"/>
    <property name="sun.java.launcher" value="SUN_STANDARD"/>
<<<<<<< HEAD
    <property name="user.country" value="US"/>
    <property name="sun.boot.library.path" value="C:\Users\ihab.safwat\.p2\pool\plugins\org.eclipse.justj.openjdk.hotspot.jre.full.win32.x86_64_17.0.8.v20230801-1951\jre\bin"/>
    <property name="sun.java.command" value="C:\Users\ihab.safwat\AppData\Local\Temp\surefire11502623613792179560\surefirebooter-20231009131527295_3.jar C:\Users\ihab.safwat\AppData\Local\Temp\surefire11502623613792179560 2023-10-09T13-15-27_148-jvmRun1 surefire-20231009131527295_1tmp surefire_0-20231009131527295_2tmp"/>
=======
    <property name="user.country" value="GB"/>
    <property name="sun.boot.library.path" value="C:\Users\Pakinam.hussam\.p2\pool\plugins\org.eclipse.justj.openjdk.hotspot.jre.full.win32.x86_64_17.0.8.v20230801-1951\jre\bin"/>
    <property name="sun.java.command" value="C:\Users\Pakinam.hussam\AppData\Local\Temp\surefire4596268284180254997\surefirebooter-20231009123850955_3.jar C:\Users\Pakinam.hussam\AppData\Local\Temp\surefire4596268284180254997 2023-10-09T12-38-50_826-jvmRun1 surefire-20231009123850955_1tmp surefire_0-20231009123850955_2tmp"/>
>>>>>>> 89d444d1b0d38c8288892a550738ee1f527d2030
    <property name="jdk.debug" value="release"/>
    <property name="surefire.test.class.path" value="C:\Users\Pakinam.hussam\git\ABE_Selenium\Training\target\test-classes;C:\Users\Pakinam.hussam\git\ABE_Selenium\Training\target\classes;C:\Users\Pakinam.hussam\.m2\repository\org\seleniumhq\selenium\selenium-java\3.141.59\selenium-java-3.141.59.jar;C:\Users\Pakinam.hussam\.m2\repository\org\seleniumhq\selenium\selenium-api\3.141.59\selenium-api-3.141.59.jar;C:\Users\Pakinam.hussam\.m2\repository\org\seleniumhq\selenium\selenium-chrome-driver\3.141.59\selenium-chrome-driver-3.141.59.jar;C:\Users\Pakinam.hussam\.m2\repository\org\seleniumhq\selenium\selenium-edge-driver\3.141.59\selenium-edge-driver-3.141.59.jar;C:\Users\Pakinam.hussam\.m2\repository\org\seleniumhq\selenium\selenium-firefox-driver\3.141.59\selenium-firefox-driver-3.141.59.jar;C:\Users\Pakinam.hussam\.m2\repository\org\seleniumhq\selenium\selenium-ie-driver\3.141.59\selenium-ie-driver-3.141.59.jar;C:\Users\Pakinam.hussam\.m2\repository\org\seleniumhq\selenium\selenium-opera-driver\3.141.59\selenium-opera-driver-3.141.59.jar;C:\Users\Pakinam.hussam\.m2\repository\org\seleniumhq\selenium\selenium-remote-driver\3.141.59\selenium-remote-driver-3.141.59.jar;C:\Users\Pakinam.hussam\.m2\repository\org\seleniumhq\selenium\selenium-safari-driver\3.141.59\selenium-safari-driver-3.141.59.jar;C:\Users\Pakinam.hussam\.m2\repository\org\seleniumhq\selenium\selenium-support\3.141.59\selenium-support-3.141.59.jar;C:\Users\Pakinam.hussam\.m2\repository\net\bytebuddy\byte-buddy\1.8.15\byte-buddy-1.8.15.jar;C:\Users\Pakinam.hussam\.m2\repository\org\apache\commons\commons-exec\1.3\commons-exec-1.3.jar;C:\Users\Pakinam.hussam\.m2\repository\com\google\guava\guava\25.0-jre\guava-25.0-jre.jar;C:\Users\Pakinam.hussam\.m2\repository\com\google\code\findbugs\jsr305\1.3.9\jsr305-1.3.9.jar;C:\Users\Pakinam.hussam\.m2\repository\org\checkerframework\checker-compat-qual\2.0.0\checker-compat-qual-2.0.0.jar;C:\Users\Pakinam.hussam\.m2\repository\com\google\errorprone\error_prone_annotations\2.1.3\error_prone_annotations-2.1.3.jar;C:\Users\Pakinam.hussam\.m2\repository\com\google\j2objc\j2objc-annotations\1.1\j2objc-annotations-1.1.jar;C:\Users\Pakinam.hussam\.m2\repository\org\codehaus\mojo\animal-sniffer-annotations\1.14\animal-sniffer-annotations-1.14.jar;C:\Users\Pakinam.hussam\.m2\repository\com\squareup\okhttp3\okhttp\3.11.0\okhttp-3.11.0.jar;C:\Users\Pakinam.hussam\.m2\repository\com\squareup\okio\okio\1.14.0\okio-1.14.0.jar;C:\Users\Pakinam.hussam\.m2\repository\org\slf4j\slf4j-api\1.7.5\slf4j-api-1.7.5.jar;C:\Users\Pakinam.hussam\.m2\repository\org\slf4j\slf4j-log4j12\1.7.5\slf4j-log4j12-1.7.5.jar;C:\Users\Pakinam.hussam\.m2\repository\log4j\log4j\1.2.17\log4j-1.2.17.jar;C:\Users\Pakinam.hussam\.m2\repository\com\sikulix\sikulixapi\2.0.5\sikulixapi-2.0.5.jar;C:\Users\Pakinam.hussam\.m2\repository\org\python\jython-slim\2.7.2\jython-slim-2.7.2.jar;C:\Users\Pakinam.hussam\.m2\repository\org\antlr\antlr\3.5.2\antlr-3.5.2.jar;C:\Users\Pakinam.hussam\.m2\repository\org\antlr\ST4\4.0.8\ST4-4.0.8.jar;C:\Users\Pakinam.hussam\.m2\repository\javax\servlet\javax.servlet-api\3.1.0\javax.servlet-api-3.1.0.jar;C:\Users\Pakinam.hussam\.m2\repository\org\antlr\antlr-runtime\3.5.2\antlr-runtime-3.5.2.jar;C:\Users\Pakinam.hussam\.m2\repository\org\bouncycastle\bcpkix-jdk15on\1.62\bcpkix-jdk15on-1.62.jar;C:\Users\Pakinam.hussam\.m2\repository\org\bouncycastle\bcprov-jdk15on\1.62\bcprov-jdk15on-1.62.jar;C:\Users\Pakinam.hussam\.m2\repository\org\ow2\asm\asm\7.1\asm-7.1.jar;C:\Users\Pakinam.hussam\.m2\repository\org\ow2\asm\asm-commons\7.1\asm-commons-7.1.jar;C:\Users\Pakinam.hussam\.m2\repository\org\ow2\asm\asm-tree\7.1\asm-tree-7.1.jar;C:\Users\Pakinam.hussam\.m2\repository\org\ow2\asm\asm-analysis\7.1\asm-analysis-7.1.jar;C:\Users\Pakinam.hussam\.m2\repository\org\ow2\asm\asm-util\7.1\asm-util-7.1.jar;C:\Users\Pakinam.hussam\.m2\repository\com\google\guava\failureaccess\1.0.1\failureaccess-1.0.1.jar;C:\Users\Pakinam.hussam\.m2\repository\com\ibm\icu\icu4j\59.1\icu4j-59.1.jar;C:\Users\Pakinam.hussam\.m2\repository\com\carrotsearch\java-sizeof\0.0.5\java-sizeof-0.0.5.jar;C:\Users\Pakinam.hussam\.m2\repository\com\github\jnr\jffi\1.2.20\jffi-1.2.20.jar;C:\Users\Pakinam.hussam\.m2\repository\com\github\jnr\jnr-netdb\1.1.6\jnr-netdb-1.1.6.jar;C:\Users\Pakinam.hussam\.m2\repository\com\github\jnr\jnr-ffi\2.1.10\jnr-ffi-2.1.10.jar;C:\Users\Pakinam.hussam\.m2\repository\com\github\jnr\jffi\1.2.19\jffi-1.2.19-native.jar;C:\Users\Pakinam.hussam\.m2\repository\com\github\jnr\jnr-a64asm\1.0.0\jnr-a64asm-1.0.0.jar;C:\Users\Pakinam.hussam\.m2\repository\com\github\jnr\jnr-x86asm\1.0.2\jnr-x86asm-1.0.2.jar;C:\Users\Pakinam.hussam\.m2\repository\com\github\jnr\jnr-posix\3.0.50\jnr-posix-3.0.50.jar;C:\Users\Pakinam.hussam\.m2\repository\com\github\jnr\jnr-constants\0.9.12\jnr-constants-0.9.12.jar;C:\Users\Pakinam.hussam\.m2\repository\jline\jline\2.14.5\jline-2.14.5.jar;C:\Users\Pakinam.hussam\.m2\repository\io\netty\netty-buffer\4.1.45.Final\netty-buffer-4.1.45.Final.jar;C:\Users\Pakinam.hussam\.m2\repository\io\netty\netty-codec\4.1.45.Final\netty-codec-4.1.45.Final.jar;C:\Users\Pakinam.hussam\.m2\repository\io\netty\netty-common\4.1.45.Final\netty-common-4.1.45.Final.jar;C:\Users\Pakinam.hussam\.m2\repository\io\netty\netty-handler\4.1.45.Final\netty-handler-4.1.45.Final.jar;C:\Users\Pakinam.hussam\.m2\repository\io\netty\netty-resolver\4.1.45.Final\netty-resolver-4.1.45.Final.jar;C:\Users\Pakinam.hussam\.m2\repository\io\netty\netty-transport\4.1.45.Final\netty-transport-4.1.45.Final.jar;C:\Users\Pakinam.hussam\.m2\repository\org\apache\ant\ant\1.9.7\ant-1.9.7.jar;C:\Users\Pakinam.hussam\.m2\repository\org\apache\ant\ant-launcher\1.9.7\ant-launcher-1.9.7.jar;C:\Users\Pakinam.hussam\.m2\repository\com\sikulix\sikulix2tigervnc\1.1.4\sikulix2tigervnc-1.1.4.jar;C:\Users\Pakinam.hussam\.m2\repository\org\openpnp\opencv\4.3.0-3\opencv-4.3.0-3.jar;C:\Users\Pakinam.hussam\.m2\repository\commons-cli\commons-cli\1.4\commons-cli-1.4.jar;C:\Users\Pakinam.hussam\.m2\repository\net\java\dev\jna\jna-platform\5.6.0\jna-platform-5.6.0.jar;C:\Users\Pakinam.hussam\.m2\repository\net\java\dev\jna\jna\5.6.0\jna-5.6.0.jar;C:\Users\Pakinam.hussam\.m2\repository\net\oneandone\reflections8\reflections8\0.11.6\reflections8-0.11.6.jar;C:\Users\Pakinam.hussam\.m2\repository\org\javassist\javassist\3.22.0-GA\javassist-3.22.0-GA.jar;C:\Users\Pakinam.hussam\.m2\repository\net\sourceforge\tess4j\tess4j\4.5.4\tess4j-4.5.4.jar;C:\Users\Pakinam.hussam\.m2\repository\com\github\jai-imageio\jai-imageio-core\1.4.0\jai-imageio-core-1.4.0.jar;C:\Users\Pakinam.hussam\.m2\repository\org\ghost4j\ghost4j\1.0.1\ghost4j-1.0.1.jar;C:\Users\Pakinam.hussam\.m2\repository\org\apache\xmlgraphics\xmlgraphics-commons\1.4\xmlgraphics-commons-1.4.jar;C:\Users\Pakinam.hussam\.m2\repository\com\lowagie\itext\2.1.7\itext-2.1.7.jar;C:\Users\Pakinam.hussam\.m2\repository\org\apache\pdfbox\pdfbox\2.0.21\pdfbox-2.0.21.jar;C:\Users\Pakinam.hussam\.m2\repository\org\apache\pdfbox\fontbox\2.0.21\fontbox-2.0.21.jar;C:\Users\Pakinam.hussam\.m2\repository\org\apache\pdfbox\pdfbox-tools\2.0.21\pdfbox-tools-2.0.21.jar;C:\Users\Pakinam.hussam\.m2\repository\org\apache\pdfbox\pdfbox-debugger\2.0.21\pdfbox-debugger-2.0.21.jar;C:\Users\Pakinam.hussam\.m2\repository\org\apache\pdfbox\jbig2-imageio\3.0.3\jbig2-imageio-3.0.3.jar;C:\Users\Pakinam.hussam\.m2\repository\net\sourceforge\lept4j\lept4j\1.13.2\lept4j-1.13.2.jar;C:\Users\Pakinam.hussam\.m2\repository\org\jboss\jboss-vfs\3.2.15.Final\jboss-vfs-3.2.15.Final.jar;C:\Users\Pakinam.hussam\.m2\repository\org\jboss\logging\jboss-logging\3.1.4.GA\jboss-logging-3.1.4.GA.jar;C:\Users\Pakinam.hussam\.m2\repository\org\slf4j\slf4j-nop\1.7.28\slf4j-nop-1.7.28.jar;C:\Users\Pakinam.hussam\.m2\repository\net\sf\py4j\py4j\0.10.9.1\py4j-0.10.9.1.jar;C:\Users\Pakinam.hussam\.m2\repository\org\projectlombok\lombok\1.18.24\lombok-1.18.24.jar;C:\Users\Pakinam.hussam\.m2\repository\org\testng\testng\7.8.0\testng-7.8.0.jar;C:\Users\Pakinam.hussam\.m2\repository\com\beust\jcommander\1.82\jcommander-1.82.jar;C:\Users\Pakinam.hussam\.m2\repository\org\webjars\jquery\3.6.1\jquery-3.6.1.jar;C:\Users\Pakinam.hussam\.m2\repository\ru\yandex\qatools\ashot\ashot\1.5.4\ashot-1.5.4.jar;C:\Users\Pakinam.hussam\.m2\repository\commons-io\commons-io\2.5\commons-io-2.5.jar;C:\Users\Pakinam.hussam\.m2\repository\org\hamcrest\hamcrest-core\1.3\hamcrest-core-1.3.jar;C:\Users\Pakinam.hussam\.m2\repository\io\qameta\allure\allure-testng\2.23.0\allure-testng-2.23.0.jar;C:\Users\Pakinam.hussam\.m2\repository\io\qameta\allure\allure-java-commons\2.23.0\allure-java-commons-2.23.0.jar;C:\Users\Pakinam.hussam\.m2\repository\io\qameta\allure\allure-model\2.23.0\allure-model-2.23.0.jar;C:\Users\Pakinam.hussam\.m2\repository\io\qameta\allure\allure-test-filter\2.23.0\allure-test-filter-2.23.0.jar;C:\Users\Pakinam.hussam\.m2\repository\org\apache\logging\log4j\log4j-core\3.0.0-alpha1\log4j-core-3.0.0-alpha1.jar;C:\Users\Pakinam.hussam\.m2\repository\org\apache\logging\log4j\log4j-plugins\3.0.0-alpha1\log4j-plugins-3.0.0-alpha1.jar;C:\Users\Pakinam.hussam\.m2\repository\javax\activation\javax.activation-api\1.2.0\javax.activation-api-1.2.0.jar;C:\Users\Pakinam.hussam\.m2\repository\javax\xml\bind\jaxb-api\2.3.1\jaxb-api-2.3.1.jar;C:\Users\Pakinam.hussam\.m2\repository\com\fasterxml\woodstox\woodstox-core\6.5.0\woodstox-core-6.5.0.jar;C:\Users\Pakinam.hussam\.m2\repository\org\codehaus\woodstox\stax2-api\4.2.1\stax2-api-4.2.1.jar;C:\Users\Pakinam.hussam\.m2\repository\com\aventstack\extentreports\5.1.0\extentreports-5.1.0.jar;C:\Users\Pakinam.hussam\.m2\repository\io\reactivex\rxjava3\rxjava\3.1.6\rxjava-3.1.6.jar;C:\Users\Pakinam.hussam\.m2\repository\org\reactivestreams\reactive-streams\1.0.4\reactive-streams-1.0.4.jar;C:\Users\Pakinam.hussam\.m2\repository\org\freemarker\freemarker\2.3.32\freemarker-2.3.32.jar;C:\Users\Pakinam.hussam\.m2\repository\org\apache\logging\log4j\log4j-api\2.14.1\log4j-api-2.14.1.jar;C:\Users\Pakinam.hussam\.m2\repository\org\apache\commons\commons-csv\1.5\commons-csv-1.5.jar;C:\Users\Pakinam.hussam\.m2\repository\org\apache\poi\poi\4.1.2\poi-4.1.2.jar;C:\Users\Pakinam.hussam\.m2\repository\commons-codec\commons-codec\1.13\commons-codec-1.13.jar;C:\Users\Pakinam.hussam\.m2\repository\org\apache\commons\commons-collections4\4.4\commons-collections4-4.4.jar;C:\Users\Pakinam.hussam\.m2\repository\org\apache\commons\commons-math3\3.6.1\commons-math3-3.6.1.jar;C:\Users\Pakinam.hussam\.m2\repository\com\zaxxer\SparseBitSet\1.2\SparseBitSet-1.2.jar;C:\Users\Pakinam.hussam\.m2\repository\org\apache\poi\poi-ooxml\4.1.2\poi-ooxml-4.1.2.jar;C:\Users\Pakinam.hussam\.m2\repository\org\apache\poi\poi-ooxml-schemas\4.1.2\poi-ooxml-schemas-4.1.2.jar;C:\Users\Pakinam.hussam\.m2\repository\org\apache\xmlbeans\xmlbeans\3.1.0\xmlbeans-3.1.0.jar;C:\Users\Pakinam.hussam\.m2\repository\org\apache\commons\commons-compress\1.19\commons-compress-1.19.jar;C:\Users\Pakinam.hussam\.m2\repository\com\github\virtuald\curvesapi\1.06\curvesapi-1.06.jar;C:\Users\Pakinam.hussam\.m2\repository\com\github\automatedowl\allure-environment-writer\1.0.0\allure-environment-writer-1.0.0.jar;C:\Users\Pakinam.hussam\.m2\repository\com\opencsv\opencsv\5.7.1\opencsv-5.7.1.jar;C:\Users\Pakinam.hussam\.m2\repository\org\apache\commons\commons-lang3\3.12.0\commons-lang3-3.12.0.jar;C:\Users\Pakinam.hussam\.m2\repository\org\apache\commons\commons-text\1.10.0\commons-text-1.10.0.jar;C:\Users\Pakinam.hussam\.m2\repository\commons-beanutils\commons-beanutils\1.9.4\commons-beanutils-1.9.4.jar;C:\Users\Pakinam.hussam\.m2\repository\commons-logging\commons-logging\1.2\commons-logging-1.2.jar;C:\Users\Pakinam.hussam\.m2\repository\commons-collections\commons-collections\3.2.2\commons-collections-3.2.2.jar;C:\Users\Pakinam.hussam\.m2\repository\com\aspose\aspose-pdf\23.8\aspose-pdf-23.8.jar;C:\Users\Pakinam.hussam\.m2\repository\com\aspose\aspose-words\23.8\aspose-words-23.8-jdk17.jar;C:\Users\Pakinam.hussam\.m2\repository\com\aspose\aspose-words\23.8\aspose-words-23.8-javadoc.jar;C:\Users\Pakinam.hussam\.m2\repository\com\aspose\aspose-words\23.8\aspose-words-23.8-shaping-harfbuzz-plugin.jar;C:\Users\Pakinam.hussam\.m2\repository\org\jogamp\jogl\jogl-all-main\2.3.2\jogl-all-main-2.3.2.jar;C:\Users\Pakinam.hussam\.m2\repository\org\jogamp\jogl\jogl-all\2.3.2\jogl-all-2.3.2.jar;C:\Users\Pakinam.hussam\.m2\repository\org\jogamp\jogl\jogl-all\2.3.2\jogl-all-2.3.2-natives-android-aarch64.jar;C:\Users\Pakinam.hussam\.m2\repository\org\jogamp\jogl\jogl-all\2.3.2\jogl-all-2.3.2-natives-android-armv6.jar;C:\Users\Pakinam.hussam\.m2\repository\org\jogamp\jogl\jogl-all\2.3.2\jogl-all-2.3.2-natives-linux-amd64.jar;C:\Users\Pakinam.hussam\.m2\repository\org\jogamp\jogl\jogl-all\2.3.2\jogl-all-2.3.2-natives-linux-armv6.jar;C:\Users\Pakinam.hussam\.m2\repository\org\jogamp\jogl\jogl-all\2.3.2\jogl-all-2.3.2-natives-linux-armv6hf.jar;C:\Users\Pakinam.hussam\.m2\repository\org\jogamp\jogl\jogl-all\2.3.2\jogl-all-2.3.2-natives-linux-i586.jar;C:\Users\Pakinam.hussam\.m2\repository\org\jogamp\jogl\jogl-all\2.3.2\jogl-all-2.3.2-natives-macosx-universal.jar;C:\Users\Pakinam.hussam\.m2\repository\org\jogamp\jogl\jogl-all\2.3.2\jogl-all-2.3.2-natives-solaris-amd64.jar;C:\Users\Pakinam.hussam\.m2\repository\org\jogamp\jogl\jogl-all\2.3.2\jogl-all-2.3.2-natives-solaris-i586.jar;C:\Users\Pakinam.hussam\.m2\repository\org\jogamp\jogl\jogl-all\2.3.2\jogl-all-2.3.2-natives-windows-amd64.jar;C:\Users\Pakinam.hussam\.m2\repository\org\jogamp\jogl\jogl-all\2.3.2\jogl-all-2.3.2-natives-windows-i586.jar;C:\Users\Pakinam.hussam\.m2\repository\org\jogamp\gluegen\gluegen-rt-main\2.3.2\gluegen-rt-main-2.3.2.jar;C:\Users\Pakinam.hussam\.m2\repository\org\jogamp\gluegen\gluegen-rt\2.3.2\gluegen-rt-2.3.2.jar;C:\Users\Pakinam.hussam\.m2\repository\org\jogamp\gluegen\gluegen-rt\2.3.2\gluegen-rt-2.3.2-natives-android-aarch64.jar;C:\Users\Pakinam.hussam\.m2\repository\org\jogamp\gluegen\gluegen-rt\2.3.2\gluegen-rt-2.3.2-natives-android-armv6.jar;C:\Users\Pakinam.hussam\.m2\repository\org\jogamp\gluegen\gluegen-rt\2.3.2\gluegen-rt-2.3.2-natives-linux-amd64.jar;C:\Users\Pakinam.hussam\.m2\repository\org\jogamp\gluegen\gluegen-rt\2.3.2\gluegen-rt-2.3.2-natives-linux-armv6.jar;C:\Users\Pakinam.hussam\.m2\repository\org\jogamp\gluegen\gluegen-rt\2.3.2\gluegen-rt-2.3.2-natives-linux-armv6hf.jar;C:\Users\Pakinam.hussam\.m2\repository\org\jogamp\gluegen\gluegen-rt\2.3.2\gluegen-rt-2.3.2-natives-linux-i586.jar;C:\Users\Pakinam.hussam\.m2\repository\org\jogamp\gluegen\gluegen-rt\2.3.2\gluegen-rt-2.3.2-natives-macosx-universal.jar;C:\Users\Pakinam.hussam\.m2\repository\org\jogamp\gluegen\gluegen-rt\2.3.2\gluegen-rt-2.3.2-natives-solaris-amd64.jar;C:\Users\Pakinam.hussam\.m2\repository\org\jogamp\gluegen\gluegen-rt\2.3.2\gluegen-rt-2.3.2-natives-solaris-i586.jar;C:\Users\Pakinam.hussam\.m2\repository\org\jogamp\gluegen\gluegen-rt\2.3.2\gluegen-rt-2.3.2-natives-windows-amd64.jar;C:\Users\Pakinam.hussam\.m2\repository\org\jogamp\gluegen\gluegen-rt\2.3.2\gluegen-rt-2.3.2-natives-windows-i586.jar;C:\Users\Pakinam.hussam\.m2\repository\com\aspose\aspose-cad\23.3\aspose-cad-23.3.jar;C:\Users\Pakinam.hussam\.m2\repository\com\aspose\aspose-font\23.8\aspose-font-23.8.jar;C:\Users\Pakinam.hussam\.m2\repository\com\aspose\aspose-note\23.7\aspose-note-23.7-jdk17.jar;C:\Users\Pakinam.hussam\.m2\repository\com\aspose\aspose-ocr\23.7.1\aspose-ocr-23.7.1.jar;C:\Users\Pakinam.hussam\.m2\repository\com\microsoft\onnxruntime\onnxruntime\1.13.1\onnxruntime-1.13.1.jar;C:\Users\Pakinam.hussam\.m2\repository\com\aspose\aspose-ocr-gpu\23.6.1\aspose-ocr-gpu-23.6.1.jar;C:\Users\Pakinam.hussam\.m2\repository\com\microsoft\onnxruntime\onnxruntime_gpu\1.15.1\onnxruntime_gpu-1.15.1.jar;C:\Users\Pakinam.hussam\.m2\repository\com\aspose\aspose-omr\23.5\aspose-omr-23.5.jar;C:\Users\Pakinam.hussam\.m2\repository\com\aspose\aspose-page\23.8\aspose-page-23.8.jar;C:\Users\Pakinam.hussam\.m2\repository\com\aspose\aspose-psd\23.4\aspose-psd-23.4-jdk16.jar;C:\Users\Pakinam.hussam\.m2\repository\com\aspose\aspose-pub\22.8\aspose-pub-22.8.jar;C:\Users\Pakinam.hussam\.m2\repository\com\aspose\aspose-tex\23.8\aspose-tex-23.8.jar;C:\Users\Pakinam.hussam\.m2\repository\com\aspose\aspose-3d\23.8.0\aspose-3d-23.8.0.jar;C:\Users\Pakinam.hussam\.m2\repository\org\lwjgl\lwjgl\3.2.1\lwjgl-3.2.1.jar;C:\Users\Pakinam.hussam\.m2\repository\org\lwjgl\lwjgl-vulkan\3.2.1\lwjgl-vulkan-3.2.1.jar;C:\Users\Pakinam.hussam\.m2\repository\org\lwjgl\lwjgl\3.2.1\lwjgl-3.2.1-natives-windows.jar;C:\Users\Pakinam.hussam\.m2\repository\org\bouncycastle\bc-fips\1.0.2.3\bc-fips-1.0.2.3.jar;C:\Users\Pakinam.hussam\.m2\repository\com\aspose\aspose-barcode\23.8\aspose-barcode-23.8.jar;C:\Users\Pakinam.hussam\.m2\repository\com\aspose\aspose-cells\23.8\aspose-cells-23.8.jar;C:\Users\Pakinam.hussam\.m2\repository\com\aspose\aspose-email\23.7\aspose-email-23.7-jdk16.jar;C:\Users\Pakinam.hussam\.m2\repository\com\aspose\aspose-html\23.8\aspose-html-23.8-jdk1.8.jar;C:\Users\Pakinam.hussam\.m2\repository\com\aspose\aspose-imaging\23.8\aspose-imaging-23.8-jdk16.jar;C:\Users\Pakinam.hussam\.m2\repository\com\aspose\aspose-slides\23.8\aspose-slides-23.8-jdk16.jar;C:\Users\Pakinam.hussam\.m2\repository\com\aspose\aspose-tasks\23.8\aspose-tasks-23.8-jdk18.jar;C:\Users\Pakinam.hussam\.m2\repository\com\aspose\aspose-diagram\23.8\aspose-diagram-23.8.jar;C:\Users\Pakinam.hussam\.m2\repository\com\google\code\gson\gson\2.8.8\gson-2.8.8.jar;"/>
    <property name="sun.cpu.endian" value="little"/>
    <property name="user.home" value="C:\Users\Pakinam.hussam"/>
    <property name="user.language" value="en"/>
    <property name="java.specification.vendor" value="Oracle Corporation"/>
    <property name="java.version.date" value="2023-07-18"/>
    <property name="java.home" value="C:\Users\Pakinam.hussam\.p2\pool\plugins\org.eclipse.justj.openjdk.hotspot.jre.full.win32.x86_64_17.0.8.v20230801-1951\jre"/>
    <property name="file.separator" value="\"/>
    <property name="style.color" value="always"/>
    <property name="basedir" value="C:\Users\Pakinam.hussam\git\ABE_Selenium\Training"/>
    <property name="java.vm.compressedOopsMode" value="Zero based"/>
    <property name="line.separator" value="&#10;"/>
    <property name="java.vm.specification.vendor" value="Oracle Corporation"/>
    <property name="java.specification.name" value="Java Platform API Specification"/>
<<<<<<< HEAD
    <property name="surefire.real.class.path" value="C:\Users\ihab.safwat\AppData\Local\Temp\surefire11502623613792179560\surefirebooter-20231009131527295_3.jar"/>
=======
    <property name="surefire.real.class.path" value="C:\Users\Pakinam.hussam\AppData\Local\Temp\surefire4596268284180254997\surefirebooter-20231009123850955_3.jar"/>
>>>>>>> 89d444d1b0d38c8288892a550738ee1f527d2030
    <property name="user.script" value=""/>
    <property name="sun.management.compiler" value="HotSpot 64-Bit Tiered Compilers"/>
    <property name="java.runtime.version" value="17.0.8+7"/>
    <property name="user.name" value="Pakinam.Hussam"/>
    <property name="path.separator" value=";"/>
    <property name="os.version" value="10.0"/>
    <property name="java.runtime.name" value="OpenJDK Runtime Environment"/>
    <property name="file.encoding" value="Cp1256"/>
    <property name="java.vm.name" value="OpenJDK 64-Bit Server VM"/>
    <property name="java.vendor.version" value="Temurin-17.0.8+7"/>
    <property name="localRepository" value="C:\Users\Pakinam.hussam\.m2\repository"/>
    <property name="java.vendor.url.bug" value="https://github.com/adoptium/adoptium-support/issues"/>
    <property name="java.io.tmpdir" value="C:\Users\PAKINA~1.HUS\AppData\Local\Temp\"/>
    <property name="java.version" value="17.0.8"/>
    <property name="user.dir" value="C:\Users\Pakinam.hussam\git\ABE_Selenium\Training"/>
    <property name="os.arch" value="amd64"/>
    <property name="java.vm.specification.name" value="Java Virtual Machine Specification"/>
    <property name="sun.os.patch.level" value=""/>
    <property name="native.encoding" value="Cp1256"/>
<<<<<<< HEAD
    <property name="java.library.path" value="C:\Users\ihab.safwat\.p2\pool\plugins\org.eclipse.justj.openjdk.hotspot.jre.full.win32.x86_64_17.0.8.v20230801-1951\jre\bin;C:\Windows\Sun\Java\bin;C:\Windows\system32;C:\Windows;C:/Users/ihab.safwat/.p2/pool/plugins/org.eclipse.justj.openjdk.hotspot.jre.full.win32.x86_64_17.0.8.v20230801-1951/jre/bin/server;C:/Users/ihab.safwat/.p2/pool/plugins/org.eclipse.justj.openjdk.hotspot.jre.full.win32.x86_64_17.0.8.v20230801-1951/jre/bin;C:\Program Files\Common Files\Oracle\Java\javapath;C:\app\client\Administrator\product\12.2.0\client_1\bin;C:\Windows\system32;C:\Windows;C:\Windows\System32\Wbem;C:\Windows\System32\WindowsPowerShell\v1.0\;C:\Windows\System32\OpenSSH\;C:\Windows\CCM;C:\Windows\CCM;C:\Program Files (x86)\HP\Common\HPDestPlgIn\;C:\Program Files (x86)\HP\IdrsOCR_15.3.1129.0\;C:\Windows\CCM;C:\Windows\CCM;C:\Windows\CCM;C:\Windows\CCM;C:\Windows\CCM;C:\Windows\CCM;C:\Windows\CCM;C:\Windows\CCM;C:\Windows\CCM;C:\Windows\CCM;C:\Windows\CCM;C:\Windows\CCM;C:\Windows\CCM;C:\Windows\CCM;C:\Windows\CCM;C:\Windows\CCM;C:\Windows\CCM;C:\Windows\CCM;C:\Windows\CCM;C:\Windows\CCM;C:\Windows\CCM;C:\Windows\CCM;C:\Windows\CCM;C:\Program Files (x86)\WinSCP;C:\Program Files (x86)\Enterprise Vault\EVClient\x64\;C:\Users\ihab.safwat\Maven\Maven\apache-maven-3.9.4\bin;C:\Users\ihab.safwat\AppData\Local\Programs\Git\cmd;C:\Windows\system32;;."/>
=======
    <property name="java.library.path" value="C:\Users\Pakinam.hussam\.p2\pool\plugins\org.eclipse.justj.openjdk.hotspot.jre.full.win32.x86_64_17.0.8.v20230801-1951\jre\bin;C:\Windows\Sun\Java\bin;C:\Windows\system32;C:\Windows;C:/Users/Pakinam.hussam/.p2/pool/plugins/org.eclipse.justj.openjdk.hotspot.jre.full.win32.x86_64_17.0.8.v20230801-1951/jre/bin/server;C:/Users/Pakinam.hussam/.p2/pool/plugins/org.eclipse.justj.openjdk.hotspot.jre.full.win32.x86_64_17.0.8.v20230801-1951/jre/bin;C:\Program Files (x86)\Common Files\Oracle\Java\javapath;C:\Program Files\Common Files\Oracle\Java\javapath;C:\app\client\Administrator\product\12.2.0\client_1\bin;C:\Windows\system32;C:\Windows;C:\Windows\System32\Wbem;C:\Windows\System32\WindowsPowerShell\v1.0\;C:\Windows\System32\OpenSSH\;C:\Windows\CCM;C:\Program Files (x86)\HP\Common\HPDestPlgIn\;C:\Program Files (x86)\HP\IdrsOCR_15.3.1129.0\;C:\Program Files (x86)\Enterprise Vault\EVClient\x64\;C:\Allure-commandline\allure-2.10.0\bin;C:\Users\Pakinam.hussam\AppData\Local\Programs\Git\cmd;C:\Program Files\Microsoft Office\root\Client;C:\Windows\system32;;."/>
>>>>>>> 89d444d1b0d38c8288892a550738ee1f527d2030
    <property name="java.vm.info" value="mixed mode"/>
    <property name="java.vendor" value="Eclipse Adoptium"/>
    <property name="java.vm.version" value="17.0.8+7"/>
    <property name="sun.io.unicode.encoding" value="UnicodeLittle"/>
    <property name="java.class.version" value="61.0"/>
  </properties>
<<<<<<< HEAD
  <testcase name="CreateAchOutward[CreateAchOutwardData [tcId=FCB-001, summary=Automation_Cycle1_CreateACHOutward_ByMaker, username=QA49, password=Infy@123, menu=MPOR, paysys_ID=ACH, date=10102023, amount=&apos;1230, line1=TEST, CCY=EGP, bic_ben=CIBEEGCX039, network_ben=ACH, branch_ben=null, bank_ben=null, name_ben=TEST, account_ben=132456, account=&apos;100500003298010315, expectedResult=The record is added successfully., pos=null, linkedTcid=FCB-002]](1)" classname="tests.ABE_Create_ACH_Outward_Test" time="31.402">
    <system-out><![CDATA[Row index found: 1
Row index found: 1
Row index found: 1
Success of test cases and its details are : tests.ABE_Create_ACH_Outward_Test@2016f509
]]></system-out>
=======
  <testcase name="beforeTest[[Ljava.lang.Object;@75316a2](0)" classname="tests.ABECreateOfficeAccountFinanceTest" time="6.831">
    <failure message="By.xpath: //*[@id=&quot;usertxt&quot;]not found" type="java.lang.AssertionError"><![CDATA[java.lang.AssertionError: By.xpath: //*[@id="usertxt"]not found
	at org.testng.AssertJUnit.fail(AssertJUnit.java:65)
	at utils.AssertionFactory.assertionFailWithMessage(AssertionFactory.java:12)
	at utils.PageFunctionUtils.waitOnElement(PageFunctionUtils.java:73)
	at utils.PageFunctionUtils.enterDataInWebElement(PageFunctionUtils.java:44)
	at pageobjects.FinacleLoginPage.sendKeysUserNameTextField(FinacleLoginPage.java:28)
	at tests.ABECreateOfficeAccountFinanceTest.beforeTest(ABECreateOfficeAccountFinanceTest.java:47)
	at java.base/jdk.internal.reflect.NativeMethodAccessorImpl.invoke0(Native Method)
	at java.base/jdk.internal.reflect.NativeMethodAccessorImpl.invoke(NativeMethodAccessorImpl.java:77)
	at java.base/jdk.internal.reflect.DelegatingMethodAccessorImpl.invoke(DelegatingMethodAccessorImpl.java:43)
	at java.base/java.lang.reflect.Method.invoke(Method.java:568)
	at org.testng.internal.invokers.MethodInvocationHelper.invokeMethod(MethodInvocationHelper.java:139)
	at org.testng.internal.invokers.MethodInvocationHelper.invokeMethodConsideringTimeout(MethodInvocationHelper.java:69)
	at org.testng.internal.invokers.ConfigInvoker.invokeConfigurationMethod(ConfigInvoker.java:390)
	at org.testng.internal.invokers.ConfigInvoker.invokeConfigurations(ConfigInvoker.java:325)
	at org.testng.internal.invokers.TestInvoker.runConfigMethods(TestInvoker.java:810)
	at org.testng.internal.invokers.TestInvoker.invokeMethod(TestInvoker.java:577)
	at org.testng.internal.invokers.TestInvoker.invokeTestMethod(TestInvoker.java:227)
	at org.testng.internal.invokers.MethodRunner.runInSequence(MethodRunner.java:50)
	at org.testng.internal.invokers.TestInvoker$MethodInvocationAgent.invoke(TestInvoker.java:957)
	at org.testng.internal.invokers.TestInvoker.invokeTestMethods(TestInvoker.java:200)
	at org.testng.internal.invokers.TestMethodWorker.invokeTestMethods(TestMethodWorker.java:148)
	at org.testng.internal.invokers.TestMethodWorker.run(TestMethodWorker.java:128)
	at java.base/java.util.concurrent.ThreadPoolExecutor.runWorker(ThreadPoolExecutor.java:1136)
	at java.base/java.util.concurrent.ThreadPoolExecutor$Worker.run(ThreadPoolExecutor.java:635)
	at java.base/java.lang.Thread.run(Thread.java:833)
]]></failure>
>>>>>>> 89d444d1b0d38c8288892a550738ee1f527d2030
    <system-err><![CDATA[SLF4J: Class path contains multiple SLF4J bindings.
SLF4J: Found binding in [jar:file:/C:/Users/Pakinam.hussam/.m2/repository/org/slf4j/slf4j-log4j12/1.7.5/slf4j-log4j12-1.7.5.jar!/org/slf4j/impl/StaticLoggerBinder.class]
SLF4J: Found binding in [jar:file:/C:/Users/Pakinam.hussam/.m2/repository/org/slf4j/slf4j-nop/1.7.28/slf4j-nop-1.7.28.jar!/org/slf4j/impl/StaticLoggerBinder.class]
SLF4J: See http://www.slf4j.org/codes.html#multiple_bindings for an explanation.
SLF4J: Actual binding is of type [org.slf4j.impl.Log4jLoggerFactory]
log4j:WARN No appenders could be found for logger (org.testng.TestNG).
log4j:WARN Please initialize the log4j system properly.
log4j:WARN See http://logging.apache.org/log4j/1.2/faq.html#noconfig for more info.
<<<<<<< HEAD
Oct 09, 2023 1:15:33 PM org.openqa.selenium.remote.ProtocolHandshake createSession
INFO: Detected dialect: W3C
]]></system-err>
  </testcase>
  <testcase name="verifyACHOutwardTest[VerifyACHOutwardData [tcId=FCB-002, summary=Automation_Cycle1_VerifyACHOutward_ByChecker, username=UBSADMIN, password=Infy@123, menu=MPOR, Pos=&apos;000000093202, expectedResult=The record is verified successfully.&#10;]](1)" classname="tests.ABE_Verify_ACH_Outward_Test" time="29.982">
    <system-out><![CDATA[Success of test cases and its details are : tests.ABE_Verify_ACH_Outward_Test@25d2f66
]]></system-out>
    <system-err><![CDATA[Oct 09, 2023 1:16:18 PM org.openqa.selenium.remote.ProtocolHandshake createSession
INFO: Detected dialect: W3C
]]></system-err>
  </testcase>
  <testcase name="authorizeACHOutward[AuthorizeACHOutwardData [tcId=FCB-003, summary=Automation_Cycle1_AuthorizeACHOutward_ByChecker2, username=QA49, password=Infy@123, menu=AOPO, Pos=&apos;000000093202, expectedResult=Payment Order is successfully Approved., paysysID=ACH]](1)" classname="tests.ABE_Authorize_ACH_Outward_Test" time="29.854">
    <system-out><![CDATA[Success of test cases and its details are : tests.ABE_Authorize_ACH_Outward_Test@5a2fa51f
]]></system-out>
    <system-err><![CDATA[Oct 09, 2023 1:16:56 PM org.openqa.selenium.remote.ProtocolHandshake createSession
=======
Oct 09, 2023 12:38:56 PM org.openqa.selenium.remote.ProtocolHandshake createSession
>>>>>>> 89d444d1b0d38c8288892a550738ee1f527d2030
INFO: Detected dialect: W3C
]]></system-err>
  </testcase>
  <testcase name="ABE_OpenOfficeAccount[ABE_Create_OfficeAccount_Finance_Data [tcId=FCB-458, summary=Finance_ContingentAccounts_Create_OfficeAccount_ContingentAsset_EGP_ByMaker, username=ABE38, password=Infy@123, menu=OOAT, SchemeCode=CASH, ccy=EGP, accountHeadName=income and expense, eodMaxBalance=999999, generalLedgerSubhead=10016, expectedResult=opened successfully, reference=null, linkedTcId=FCB-460]](1)" classname="tests.ABECreateOfficeAccountFinanceTest" time="0.0">
    <skipped message="By.xpath: //*[@id=&quot;usertxt&quot;]not found"/>
    <system-out><![CDATA[Skip of test cases and its details are : ABE_OpenOfficeAccount
]]></system-out>
  </testcase>
  <testcase name="after" classname="tests.ABECreateOfficeAccountFinanceTest" time="0.0">
    <skipped/>
  </testcase>
  <testcase name="after" classname="tests.ABECreateOfficeAccountFinanceTest" time="0.0">
    <skipped/>
  </testcase>
  <testcase name="after" classname="tests.ABECreateOfficeAccountFinanceTest" time="0.0">
    <skipped/>
  </testcase>
  <testcase name="after" classname="tests.ABECreateOfficeAccountFinanceTest" time="0.0">
    <skipped/>
  </testcase>
  <testcase name="after" classname="tests.ABECreateOfficeAccountFinanceTest" time="0.0">
    <skipped/>
  </testcase>
  <testcase name="after" classname="tests.ABECreateOfficeAccountFinanceTest" time="0.0">
    <skipped/>
  </testcase>
  <testcase name="after" classname="tests.ABECreateOfficeAccountFinanceTest" time="0.0">
    <skipped/>
  </testcase>
  <testcase name="after" classname="tests.ABECreateOfficeAccountFinanceTest" time="0.0">
    <skipped/>
  </testcase>
  <testcase name="after" classname="tests.ABECreateOfficeAccountFinanceTest" time="0.0">
    <skipped/>
  </testcase>
  <testcase name="after" classname="tests.ABECreateOfficeAccountFinanceTest" time="0.0">
    <skipped/>
  </testcase>
  <testcase name="beforeTest" classname="tests.ABECreateOfficeAccountFinanceTest" time="0.0">
    <skipped/>
  </testcase>
  <testcase name="beforeTest" classname="tests.ABECreateOfficeAccountFinanceTest" time="0.0">
    <skipped/>
  </testcase>
  <testcase name="beforeTest" classname="tests.ABECreateOfficeAccountFinanceTest" time="0.0">
    <skipped/>
  </testcase>
  <testcase name="beforeTest" classname="tests.ABECreateOfficeAccountFinanceTest" time="0.0">
    <skipped/>
  </testcase>
  <testcase name="beforeTest" classname="tests.ABECreateOfficeAccountFinanceTest" time="0.0">
    <skipped/>
  </testcase>
  <testcase name="beforeTest" classname="tests.ABECreateOfficeAccountFinanceTest" time="0.0">
    <skipped/>
  </testcase>
  <testcase name="beforeTest" classname="tests.ABECreateOfficeAccountFinanceTest" time="0.0">
    <skipped/>
  </testcase>
  <testcase name="beforeTest" classname="tests.ABECreateOfficeAccountFinanceTest" time="0.0">
    <skipped/>
  </testcase>
  <testcase name="beforeTest" classname="tests.ABECreateOfficeAccountFinanceTest" time="0.0">
    <skipped/>
  </testcase>
  <testcase name="ABE_OpenOfficeAccount[ABE_Create_OfficeAccount_Finance_Data [tcId=FCB-459, summary=Finance_ContingentAccounts_Create_OfficeAccount_ContingentLiability_EGP_ByMaker, username=ABE38, password=Infy@123, menu=OOAT, SchemeCode=CASH, ccy=EGP, accountHeadName=income and expense, eodMaxBalance=999999, generalLedgerSubhead=10016, expectedResult=opened successfully, reference=null, linkedTcId=FCB-461]](2)" classname="tests.ABECreateOfficeAccountFinanceTest" time="0.0">
    <skipped message="By.xpath: //*[@id=&quot;usertxt&quot;]not found"/>
    <system-out><![CDATA[Skip of test cases and its details are : ABE_OpenOfficeAccount
]]></system-out>
  </testcase>
  <testcase name="ABE_OpenOfficeAccount[ABE_Create_OfficeAccount_Finance_Data [tcId=FCB-528, summary=Finance_PointingAccounts_Create_OfficeAccount_EGP_ByMaker, username=ABE38, password=Infy@123, menu=OOAT, SchemeCode=CASH, ccy=EGP, accountHeadName=income and expense, eodMaxBalance=999999, generalLedgerSubhead=10016, expectedResult=opened successfully, reference=null, linkedTcId=FCB-529]](3)" classname="tests.ABECreateOfficeAccountFinanceTest" time="0.0">
    <skipped message="By.xpath: //*[@id=&quot;usertxt&quot;]not found"/>
    <system-out><![CDATA[Skip of test cases and its details are : ABE_OpenOfficeAccount
]]></system-out>
  </testcase>
  <testcase name="ABE_OpenOfficeAccount[ABE_Create_OfficeAccount_Finance_Data [tcId=FCB-540, summary=Finance_PointingAccounts_Create_OfficeAccount_USD_ByMaker, username=ABE38, password=Infy@123, menu=OOAT, SchemeCode=CASH, ccy=EGP, accountHeadName=income and expense, eodMaxBalance=999999, generalLedgerSubhead=10016, expectedResult=opened successfully, reference=null, linkedTcId=FCB-541]](4)" classname="tests.ABECreateOfficeAccountFinanceTest" time="0.0">
    <skipped message="By.xpath: //*[@id=&quot;usertxt&quot;]not found"/>
    <system-out><![CDATA[Skip of test cases and its details are : ABE_OpenOfficeAccount
]]></system-out>
  </testcase>
  <testcase name="ABE_OpenOfficeAccount[ABE_Create_OfficeAccount_Finance_Data [tcId=FCB-298, summary=Finance_CashAccounts_Create_OfficeAccount_Teller_Cash_EGP_ByMaker, username=ABE37, password=Infy@123, menu=OOAT, SchemeCode=CASH, ccy=EGP, accountHeadName=OfficeAccountTellerCashEGP, eodMaxBalance=999999, generalLedgerSubhead=10001, expectedResult=opened successfully, reference=null, linkedTcId=FCB-299]](5)" classname="tests.ABECreateOfficeAccountFinanceTest" time="0.0">
    <skipped message="By.xpath: //*[@id=&quot;usertxt&quot;]not found"/>
    <system-out><![CDATA[Skip of test cases and its details are : ABE_OpenOfficeAccount
]]></system-out>
  </testcase>
  <testcase name="ABE_OpenOfficeAccount[ABE_Create_OfficeAccount_Finance_Data [tcId=FCB-301, summary=Finance_CashAccounts_Create_OfficeAccount_Vault_Cash_USD_ByMaker, username=ABE37, password=Infy@123, menu=OOAT, SchemeCode=CASH, ccy=USD, accountHeadName=OfficeAccountVaultCashUSD, eodMaxBalance=999999, generalLedgerSubhead=10004, expectedResult=opened successfully, reference=null, linkedTcId=FCB-302]](6)" classname="tests.ABECreateOfficeAccountFinanceTest" time="0.0">
    <skipped message="By.xpath: //*[@id=&quot;usertxt&quot;]not found"/>
    <system-out><![CDATA[Skip of test cases and its details are : ABE_OpenOfficeAccount
]]></system-out>
  </testcase>
  <testcase name="ABE_OpenOfficeAccount[ABE_Create_OfficeAccount_Finance_Data [tcId=FCB-304, summary=Finance_CashAccounts_Create_OfficeAccount_Teller_Cash_GBP_ByMaker, username=ABE37, password=Infy@123, menu=OOAT, SchemeCode=CASH, ccy=GBP, accountHeadName=OfficeAccountTellerCashGBP, eodMaxBalance=999999, generalLedgerSubhead=10001, expectedResult=opened successfully, reference=null, linkedTcId=FCB-305]](7)" classname="tests.ABECreateOfficeAccountFinanceTest" time="0.0">
    <skipped message="By.xpath: //*[@id=&quot;usertxt&quot;]not found"/>
    <system-out><![CDATA[Skip of test cases and its details are : ABE_OpenOfficeAccount
]]></system-out>
  </testcase>
  <testcase name="ABE_OpenOfficeAccount[ABE_Create_OfficeAccount_Finance_Data [tcId=FCB-307, summary=Finance_CashAccounts_Create_OfficeAccount_Teller_Cash_EUR_ByMaker, username=ABE37, password=Infy@123, menu=OOAT, SchemeCode=CASH, ccy=EUR, accountHeadName=OfficeAccountTellerCashEUR, eodMaxBalance=999999, generalLedgerSubhead=10001, expectedResult=opened successfully, reference=null, linkedTcId=FCB-308]](8)" classname="tests.ABECreateOfficeAccountFinanceTest" time="0.0">
    <skipped message="By.xpath: //*[@id=&quot;usertxt&quot;]not found"/>
    <system-out><![CDATA[Skip of test cases and its details are : ABE_OpenOfficeAccount
]]></system-out>
  </testcase>
  <testcase name="ABE_OpenOfficeAccount[ABE_Create_OfficeAccount_Finance_Data [tcId=FCB-335, summary=Finance_P/L Zeroization_Create_OfficeAccount_IncomeExpenseAccount_ByMaker, username=ABE37, password=Infy@123, menu=OOAT, SchemeCode=CASH, ccy=EGP, accountHeadName=income and expense, eodMaxBalance=999999, generalLedgerSubhead=10001, expectedResult=opened successfully, reference=null, linkedTcId=FCB-336]](9)" classname="tests.ABECreateOfficeAccountFinanceTest" time="0.0">
    <skipped message="By.xpath: //*[@id=&quot;usertxt&quot;]not found"/>
    <system-out><![CDATA[Skip of test cases and its details are : ABE_OpenOfficeAccount
]]></system-out>
  </testcase>
  <testcase name="ABE_OpenOfficeAccount[ABE_Create_OfficeAccount_Finance_Data [tcId=FCB-337, summary=Finance_P/L Zeroization_Create_OfficeAccount_RetainedEarningsAccount_ByMaker, username=ABE38, password=Infy@123, menu=OOAT, SchemeCode=CASH, ccy=EGP, accountHeadName=income and expense, eodMaxBalance=999999, generalLedgerSubhead=10001, expectedResult=opened successfully, reference=null, linkedTcId=FCB-338]](10)" classname="tests.ABECreateOfficeAccountFinanceTest" time="0.0">
    <skipped message="By.xpath: //*[@id=&quot;usertxt&quot;]not found"/>
    <system-out><![CDATA[Skip of test cases and its details are : ABE_OpenOfficeAccount
]]></system-out>
  </testcase>
</testsuite>